2026-06-02 11:15:05 | testing | entry 1/100 | 6940e9
2026-06-02 11:15:06 | testing | entry 2/100 | 920b99
2026-06-02 11:15:06 | testing | entry 3/100 | 06ada5
2026-06-02 11:15:06 | testing | entry 4/100 | bee165
2026-06-02 11:15:06 | testing | entry 5/100 | 3e470a
2026-06-02 11:15:06 | testing | entry 6/100 | 0dd994
2026-06-02 11:15:06 | testing | entry 7/100 | d5aabb
2026-06-02 11:15:07 | testing | entry 8/100 | 8c2963
2026-06-02 11:15:07 | testing | entry 9/100 | 95c576
2026-06-02 11:15:07 | testing | entry 10/100 | 5b31bb
2026-06-02 11:15:07 | testing | entry 11/100 | 6a89c6
2026-06-02 11:15:07 | testing | entry 12/100 | e1ab81
2026-06-02 11:15:07 | testing | entry 13/100 | ca7d9a
2026-06-02 11:15:08 | testing | entry 14/100 | 447992
2026-06-02 11:15:08 | testing | entry 15/100 | 11bbd5
2026-06-02 11:15:08 | testing | entry 16/100 | 4a1a16
2026-06-02 11:15:08 | testing | entry 17/100 | 98766e
2026-06-02 11:15:08 | testing | entry 18/100 | 558852
2026-06-02 11:15:09 | testing | entry 19/100 | 212771
2026-06-02 11:15:09 | testing | entry 20/100 | c0c21a
2026-06-02 11:15:09 | testing | entry 21/100 | d218be
2026-06-02 11:15:09 | testing | entry 22/100 | 90e2fd
2026-06-02 11:15:09 | testing | entry 23/100 | 847805
2026-06-02 11:15:09 | testing | entry 24/100 | 53331a
2026-06-02 11:15:10 | testing | entry 25/100 | 0c2fe0
2026-06-02 11:15:10 | testing | entry 26/100 | 3c5dc6
2026-06-02 11:15:10 | testing | entry 27/100 | bdcb87
2026-06-02 11:15:10 | testing | entry 28/100 | 0afce4
2026-06-02 11:15:10 | testing | entry 29/100 | 38e57b
2026-06-02 11:15:10 | testing | entry 30/100 | 4de840
2026-06-02 11:15:11 | testing | entry 31/100 | d6f696
2026-06-02 11:15:11 | testing | entry 32/100 | 67636e
2026-06-02 11:15:11 | testing | entry 33/100 | 867848
2026-06-02 11:15:11 | testing | entry 34/100 | d2a8eb
2026-06-02 11:15:11 | testing | entry 35/100 | 860328
2026-06-02 11:15:11 | testing | entry 36/100 | 9f2c01
2026-06-02 11:15:12 | testing | entry 37/100 | 567a6b
2026-06-02 11:15:12 | testing | entry 38/100 | 6e4909
2026-06-02 11:15:12 | testing | entry 39/100 | fabd1b
2026-06-02 11:15:12 | testing | entry 40/100 | ded139
2026-06-02 11:15:12 | testing | entry 41/100 | 753a8c
2026-06-02 11:15:13 | testing | entry 42/100 | e56866
2026-06-02 11:15:13 | testing | entry 43/100 | 19c5b3
2026-06-02 11:15:13 | testing | entry 44/100 | 5c126d
2026-06-02 11:15:13 | testing | entry 45/100 | 582d6e
2026-06-02 11:15:13 | testing | entry 46/100 | 985473
2026-06-02 11:15:13 | testing | entry 47/100 | b9f852
2026-06-02 11:15:14 | testing | entry 48/100 | 6ec7d7
2026-06-02 11:15:14 | testing | entry 49/100 | f0c01e
2026-06-02 11:15:14 | testing | entry 50/100 | 473951
2026-06-02 11:15:14 | testing | entry 51/100 | 0b660c
2026-06-02 11:15:15 | testing | entry 52/100 | b346f2
2026-06-02 11:15:15 | testing | entry 53/100 | ad10fb
2026-06-02 11:15:15 | testing | entry 54/100 | b74d67
2026-06-02 11:15:15 | testing | entry 55/100 | c2ba0a
2026-06-02 11:15:15 | testing | entry 56/100 | 2d8085
2026-06-02 11:15:15 | testing | entry 57/100 | 8f4e50
2026-06-02 11:15:16 | testing | entry 58/100 | be92cb
2026-06-02 11:15:16 | testing | entry 59/100 | 2cd251
2026-06-02 11:15:16 | testing | entry 60/100 | e0404c
2026-06-02 11:15:16 | testing | entry 61/100 | eaa0ac
2026-06-02 11:15:16 | testing | entry 62/100 | 6b82bf
2026-06-02 11:15:17 | testing | entry 63/100 | 7a01fb
2026-06-02 11:15:17 | testing | entry 64/100 | 7900b6
2026-06-02 11:15:17 | testing | entry 65/100 | 184b34
2026-06-02 11:15:17 | testing | entry 66/100 | a3f559
2026-06-02 11:15:17 | testing | entry 67/100 | ee5aeb
2026-06-02 11:15:17 | testing | entry 68/100 | 5290fb
2026-06-02 11:15:18 | testing | entry 69/100 | 4ac319
2026-06-02 11:15:18 | testing | entry 70/100 | 72c372
2026-06-02 11:15:18 | testing | entry 71/100 | df1fce
2026-06-02 11:15:18 | testing | entry 72/100 | 97969a
2026-06-02 11:15:18 | testing | entry 73/100 | 3eff74
2026-06-02 11:15:19 | testing | entry 74/100 | 5eb048
2026-06-02 11:15:19 | testing | entry 75/100 | a4511c
2026-06-02 11:15:19 | testing | entry 76/100 | c9da95
2026-06-02 11:15:19 | testing | entry 77/100 | bf1ecd
2026-06-02 11:15:19 | testing | entry 78/100 | c7f8c8
2026-06-02 11:15:20 | testing | entry 79/100 | af5c8c
2026-06-02 11:15:20 | testing | entry 80/100 | 583c53
2026-06-02 11:15:20 | testing | entry 81/100 | 54a9c2
2026-06-02 11:15:20 | testing | entry 82/100 | e518ab
2026-06-02 11:15:20 | testing | entry 83/100 | f245ee
2026-06-02 11:15:20 | testing | entry 84/100 | f8bda2
2026-06-02 11:15:21 | testing | entry 85/100 | e089fa
2026-06-02 11:15:21 | testing | entry 86/100 | ea9d1c
2026-06-02 11:15:21 | testing | entry 87/100 | f85cb8
2026-06-02 11:15:21 | testing | entry 88/100 | 30a523
2026-06-02 11:15:21 | testing | entry 89/100 | 58f717
2026-06-02 11:15:21 | testing | entry 90/100 | ea4d88
2026-06-02 11:15:22 | testing | entry 91/100 | 786db4
2026-06-02 11:15:22 | testing | entry 92/100 | f5f28e
2026-06-02 11:15:22 | testing | entry 93/100 | f1b739
2026-06-02 11:15:22 | testing | entry 94/100 | 99baab
2026-06-02 11:15:22 | testing | entry 95/100 | 466bd4
2026-06-02 11:15:22 | testing | entry 96/100 | c76c3c
2026-06-02 11:15:23 | testing | entry 97/100 | 48631d
2026-06-02 11:15:23 | testing | entry 98/100 | 667592
2026-06-02 11:15:23 | testing | entry 99/100 | 0200e5
2026-06-02 11:15:23 | testing | entry 100/100 | b987ee
2026-06-02 11:15:27 | feature/activity-20260602-111505-1 | feature change
2026-06-02 11:15:38 | feature/activity-20260602-111505-2 | feature change
2026-06-02 11:15:49 | feature/activity-20260602-111505-3 | feature change
2026-06-02 11:16:00 | feature/activity-20260602-111505-4 | feature change
2026-06-02 11:16:10 | feature/activity-20260602-111505-5 | feature change
2026-06-02 11:16:21 | feature/activity-20260602-111505-6 | feature change
2026-06-02 11:16:32 | feature/activity-20260602-111505-7 | feature change
2026-06-02 11:16:42 | feature/activity-20260602-111505-8 | feature change
2026-06-02 11:16:54 | feature/activity-20260602-111505-9 | feature change
2026-06-02 11:17:04 | feature/activity-20260602-111505-10 | feature change
2026-06-02 11:17:15 | feature/activity-20260602-111505-11 | feature change
2026-06-02 11:17:26 | feature/activity-20260602-111505-12 | feature change
2026-06-02 11:17:37 | feature/activity-20260602-111505-13 | feature change
2026-06-02 11:17:47 | feature/activity-20260602-111505-14 | feature change
2026-06-02 11:17:58 | feature/activity-20260602-111505-15 | feature change
2026-06-02 11:18:08 | feature/activity-20260602-111505-16 | feature change
2026-06-02 11:18:18 | feature/activity-20260602-111505-17 | feature change
2026-06-02 11:18:29 | feature/activity-20260602-111505-18 | feature change
2026-06-02 11:18:39 | feature/activity-20260602-111505-19 | feature change
2026-06-02 11:18:49 | feature/activity-20260602-111505-20 | feature change
2026-06-02 11:19:00 | feature/activity-20260602-111505-21 | feature change
2026-06-02 11:19:11 | feature/activity-20260602-111505-22 | feature change
2026-06-02 11:19:21 | feature/activity-20260602-111505-23 | feature change
2026-06-02 11:19:31 | feature/activity-20260602-111505-24 | feature change
2026-06-02 11:19:41 | feature/activity-20260602-111505-25 | feature change
2026-06-02 11:28:06 | testing | entry 1/100 | c81cd7
2026-06-02 11:28:06 | testing | entry 2/100 | dc0ca0
2026-06-02 11:28:06 | testing | entry 3/100 | 7399e6
2026-06-02 11:28:06 | testing | entry 4/100 | 73c73e
2026-06-02 11:28:06 | testing | entry 5/100 | db6a46
2026-06-02 11:28:06 | testing | entry 6/100 | 3cf6c7
2026-06-02 11:28:07 | testing | entry 7/100 | 607b66
2026-06-02 11:28:07 | testing | entry 8/100 | 83d90e
2026-06-02 11:28:07 | testing | entry 9/100 | 2629dd
2026-06-02 11:28:07 | testing | entry 10/100 | 6366b4
2026-06-02 11:28:07 | testing | entry 11/100 | a789fe
2026-06-02 11:28:07 | testing | entry 12/100 | d540e0
2026-06-02 11:28:08 | testing | entry 13/100 | 7edac3
2026-06-02 11:28:08 | testing | entry 14/100 | 82ebc1
2026-06-02 11:28:08 | testing | entry 15/100 | 875a22
2026-06-02 11:28:08 | testing | entry 16/100 | 1c446e
2026-06-02 11:28:08 | testing | entry 17/100 | c92572
2026-06-02 11:28:08 | testing | entry 18/100 | 3914ed
2026-06-02 11:28:09 | testing | entry 19/100 | 2dd0bc
2026-06-02 11:28:09 | testing | entry 20/100 | 0a7d10
2026-06-02 11:28:09 | testing | entry 21/100 | 292829
2026-06-02 11:28:09 | testing | entry 22/100 | 7a67d5
2026-06-02 11:28:09 | testing | entry 23/100 | c8fe85
2026-06-02 11:28:09 | testing | entry 24/100 | 4e1c2c
2026-06-02 11:28:10 | testing | entry 25/100 | c016ff
2026-06-02 11:28:10 | testing | entry 26/100 | f9b1ff
2026-06-02 11:28:10 | testing | entry 27/100 | 6862c7
2026-06-02 11:28:10 | testing | entry 28/100 | 4be889
2026-06-02 11:28:10 | testing | entry 29/100 | aa22cd
2026-06-02 11:28:10 | testing | entry 30/100 | dac9e5
2026-06-02 11:28:11 | testing | entry 31/100 | 66c366
2026-06-02 11:28:11 | testing | entry 32/100 | c2388e
2026-06-02 11:28:11 | testing | entry 33/100 | 0fc44b
2026-06-02 11:28:11 | testing | entry 34/100 | 0fef02
2026-06-02 11:28:11 | testing | entry 35/100 | 33effc
2026-06-02 11:28:11 | testing | entry 36/100 | 1eac43
2026-06-02 11:28:12 | testing | entry 37/100 | 36b96b
2026-06-02 11:28:12 | testing | entry 38/100 | 14ed6e
2026-06-02 11:28:12 | testing | entry 39/100 | c522b3
2026-06-02 11:28:12 | testing | entry 40/100 | 49a238
2026-06-02 11:28:12 | testing | entry 41/100 | e36e93
2026-06-02 11:28:13 | testing | entry 42/100 | 83c641
2026-06-02 11:28:13 | testing | entry 43/100 | 146f9d
2026-06-02 11:28:13 | testing | entry 44/100 | 902eb3
2026-06-02 11:28:13 | testing | entry 45/100 | 8f0af0
2026-06-02 11:28:13 | testing | entry 46/100 | 5bf7a7
2026-06-02 11:28:13 | testing | entry 47/100 | 9aaa17
2026-06-02 11:28:14 | testing | entry 48/100 | bdaa39
2026-06-02 11:28:14 | testing | entry 49/100 | 450326
2026-06-02 11:28:14 | testing | entry 50/100 | 63c2dd
2026-06-02 11:28:14 | testing | entry 51/100 | f332fc
2026-06-02 11:28:14 | testing | entry 52/100 | 45d4de
2026-06-02 11:28:14 | testing | entry 53/100 | 78aa3f
2026-06-02 11:28:15 | testing | entry 54/100 | c7dcc2
2026-06-02 11:28:15 | testing | entry 55/100 | 53ad27
2026-06-02 11:28:15 | testing | entry 56/100 | 795226
2026-06-02 11:28:15 | testing | entry 57/100 | b3b443
2026-06-02 11:28:15 | testing | entry 58/100 | b05b18
2026-06-02 11:28:15 | testing | entry 59/100 | 13d45e
2026-06-02 11:28:16 | testing | entry 60/100 | 57667b
2026-06-02 11:28:16 | testing | entry 61/100 | aea53b
2026-06-02 11:28:16 | testing | entry 62/100 | 7ca674
2026-06-02 11:28:16 | testing | entry 63/100 | 44e82c
2026-06-02 11:28:16 | testing | entry 64/100 | 40c332
2026-06-02 11:28:16 | testing | entry 65/100 | 649963
2026-06-02 11:28:17 | testing | entry 66/100 | d77d90
2026-06-02 11:28:17 | testing | entry 67/100 | 25013f
2026-06-02 11:28:17 | testing | entry 68/100 | 88430f
2026-06-02 11:28:17 | testing | entry 69/100 | 359c6d
2026-06-02 11:28:17 | testing | entry 70/100 | 2a409d
2026-06-02 11:28:17 | testing | entry 71/100 | 8a444e
2026-06-02 11:28:18 | testing | entry 72/100 | 4eccda
2026-06-02 11:28:18 | testing | entry 73/100 | cf1921
2026-06-02 11:28:18 | testing | entry 74/100 | aeae02
2026-06-02 11:28:18 | testing | entry 75/100 | 6ffabe
2026-06-02 11:28:18 | testing | entry 76/100 | 3f49b8
2026-06-02 11:28:19 | testing | entry 77/100 | 6f5221
2026-06-02 11:28:19 | testing | entry 78/100 | c12d02
2026-06-02 11:28:19 | testing | entry 79/100 | f46845
2026-06-02 11:28:19 | testing | entry 80/100 | 9337d3
2026-06-02 11:28:19 | testing | entry 81/100 | 06b984
2026-06-02 11:28:19 | testing | entry 82/100 | 905838
2026-06-02 11:28:20 | testing | entry 83/100 | c42baa
2026-06-02 11:28:20 | testing | entry 84/100 | e1ce49
2026-06-02 11:28:20 | testing | entry 85/100 | b5df35
2026-06-02 11:28:20 | testing | entry 86/100 | 244e94
2026-06-02 11:28:20 | testing | entry 87/100 | 636f40
2026-06-02 11:28:20 | testing | entry 88/100 | 48983e
2026-06-02 11:28:21 | testing | entry 89/100 | 9a85f0
2026-06-02 11:28:21 | testing | entry 90/100 | 96ce74
2026-06-02 11:28:21 | testing | entry 91/100 | 06f057
2026-06-02 11:28:21 | testing | entry 92/100 | f93b2e
2026-06-02 11:28:21 | testing | entry 93/100 | 6a275a
2026-06-02 11:28:21 | testing | entry 94/100 | c6debe
2026-06-02 11:28:22 | testing | entry 95/100 | 5c758e
2026-06-02 11:28:22 | testing | entry 96/100 | 15f2e7
2026-06-02 11:28:22 | testing | entry 97/100 | e8a164
2026-06-02 11:28:22 | testing | entry 98/100 | 3fab28
2026-06-02 11:28:22 | testing | entry 99/100 | 22d063
2026-06-02 11:28:22 | testing | entry 100/100 | 3d5725
2026-06-02 11:28:26 | feature/activity-20260602-112805-1 | feature change
2026-06-02 11:28:35 | feature/activity-20260602-112805-2 | feature change
2026-06-02 11:28:45 | feature/activity-20260602-112805-3 | feature change
2026-06-02 11:28:55 | feature/activity-20260602-112805-4 | feature change
2026-06-02 11:29:05 | feature/activity-20260602-112805-5 | feature change
2026-06-02 11:29:15 | feature/activity-20260602-112805-6 | feature change
2026-06-02 11:29:25 | feature/activity-20260602-112805-7 | feature change
2026-06-02 11:29:35 | feature/activity-20260602-112805-8 | feature change
2026-06-02 11:29:46 | feature/activity-20260602-112805-9 | feature change
2026-06-02 11:29:56 | feature/activity-20260602-112805-10 | feature change
2026-06-02 11:30:08 | feature/activity-20260602-112805-11 | feature change
2026-06-02 11:30:19 | feature/activity-20260602-112805-12 | feature change
2026-06-02 11:30:29 | feature/activity-20260602-112805-13 | feature change
2026-06-02 11:30:39 | feature/activity-20260602-112805-14 | feature change
2026-06-02 11:30:50 | feature/activity-20260602-112805-15 | feature change
2026-06-02 11:31:00 | feature/activity-20260602-112805-16 | feature change
2026-06-02 11:31:11 | feature/activity-20260602-112805-17 | feature change
2026-06-02 11:31:22 | feature/activity-20260602-112805-18 | feature change
2026-06-02 11:31:33 | feature/activity-20260602-112805-19 | feature change
2026-06-02 11:31:43 | feature/activity-20260602-112805-20 | feature change
2026-06-02 11:31:53 | feature/activity-20260602-112805-21 | feature change
2026-06-02 11:32:04 | feature/activity-20260602-112805-22 | feature change
2026-06-02 11:32:16 | feature/activity-20260602-112805-23 | feature change
2026-06-02 11:32:26 | feature/activity-20260602-112805-24 | feature change
2026-06-02 11:32:38 | feature/activity-20260602-112805-25 | feature change
2026-06-03 12:11:47 | activity-run2 | entry 1/100 | b7761b
2026-06-03 12:11:48 | activity-run2 | entry 2/100 | 32dafc
2026-06-03 12:11:48 | activity-run2 | entry 3/100 | 22573a
2026-06-03 12:11:48 | activity-run2 | entry 4/100 | 52fcbc
2026-06-03 12:11:48 | activity-run2 | entry 5/100 | 4fe41d
2026-06-03 12:11:48 | activity-run2 | entry 6/100 | 6877e9
2026-06-03 12:11:49 | activity-run2 | entry 7/100 | dac5db
2026-06-03 12:11:49 | activity-run2 | entry 8/100 | aea605
2026-06-03 12:11:49 | activity-run2 | entry 9/100 | db0ae8
2026-06-03 12:11:49 | activity-run2 | entry 10/100 | 561cd6
2026-06-03 12:11:49 | activity-run2 | entry 11/100 | 83337d
2026-06-03 12:11:49 | activity-run2 | entry 12/100 | fa8dff
2026-06-03 12:11:50 | activity-run2 | entry 13/100 | a350ae
2026-06-03 12:11:50 | activity-run2 | entry 14/100 | f0ec8c
2026-06-03 12:11:50 | activity-run2 | entry 15/100 | ac9648
2026-06-03 12:11:50 | activity-run2 | entry 16/100 | 1a3188
2026-06-03 12:11:50 | activity-run2 | entry 17/100 | f1ae5a
2026-06-03 12:11:50 | activity-run2 | entry 18/100 | 850b9a
2026-06-03 12:11:51 | activity-run2 | entry 19/100 | 8aa512
2026-06-03 12:11:51 | activity-run2 | entry 20/100 | 6dafcd
2026-06-03 12:11:51 | activity-run2 | entry 21/100 | 23228e
2026-06-03 12:11:51 | activity-run2 | entry 22/100 | 8fd8c7
2026-06-03 12:11:51 | activity-run2 | entry 23/100 | 2ce507
2026-06-03 12:11:51 | activity-run2 | entry 24/100 | ce3482
2026-06-03 12:11:52 | activity-run2 | entry 25/100 | 97a4a5
2026-06-03 12:11:52 | activity-run2 | entry 26/100 | d36b24
2026-06-03 12:11:52 | activity-run2 | entry 27/100 | e2adef
2026-06-03 12:11:52 | activity-run2 | entry 28/100 | c62eb2
2026-06-03 12:11:52 | activity-run2 | entry 29/100 | 0916be
2026-06-03 12:11:53 | activity-run2 | entry 30/100 | 587517
2026-06-03 12:11:53 | activity-run2 | entry 31/100 | dce7bd
2026-06-03 12:11:53 | activity-run2 | entry 32/100 | 3cb20b
2026-06-03 12:11:53 | activity-run2 | entry 33/100 | e0800a
2026-06-03 12:11:53 | activity-run2 | entry 34/100 | ef7f2d
2026-06-03 12:11:53 | activity-run2 | entry 35/100 | f2534b
2026-06-03 12:11:54 | activity-run2 | entry 36/100 | 19b7c6
2026-06-03 12:11:54 | activity-run2 | entry 37/100 | 853f82
2026-06-03 12:11:54 | activity-run2 | entry 38/100 | ce301e
2026-06-03 12:11:54 | activity-run2 | entry 39/100 | 99d40d
2026-06-03 12:11:55 | activity-run2 | entry 40/100 | 2b7d17
2026-06-03 12:11:55 | activity-run2 | entry 41/100 | 813995
2026-06-03 12:11:55 | activity-run2 | entry 42/100 | 517917
2026-06-03 12:11:55 | activity-run2 | entry 43/100 | 44b61b
2026-06-03 12:11:55 | activity-run2 | entry 44/100 | f67429
2026-06-03 12:11:56 | activity-run2 | entry 45/100 | c26831
2026-06-03 12:11:56 | activity-run2 | entry 46/100 | 19b2f3
2026-06-03 12:11:56 | activity-run2 | entry 47/100 | 8f9337
2026-06-03 12:11:56 | activity-run2 | entry 48/100 | 9ad637
2026-06-03 12:11:56 | activity-run2 | entry 49/100 | 0cc248
2026-06-03 12:11:57 | activity-run2 | entry 50/100 | 2e5692
2026-06-03 12:11:57 | activity-run2 | entry 51/100 | 4cb3c5
2026-06-03 12:11:57 | activity-run2 | entry 52/100 | 8b083a
2026-06-03 12:11:57 | activity-run2 | entry 53/100 | 99bc04
2026-06-03 12:11:58 | activity-run2 | entry 54/100 | 334fbe
2026-06-03 12:11:58 | activity-run2 | entry 55/100 | 4a593e
2026-06-03 12:11:58 | activity-run2 | entry 56/100 | 2499da
2026-06-03 12:11:58 | activity-run2 | entry 57/100 | 1e0378
2026-06-03 12:11:58 | activity-run2 | entry 58/100 | cb5f0f
2026-06-03 12:11:59 | activity-run2 | entry 59/100 | 09fe03
2026-06-03 12:11:59 | activity-run2 | entry 60/100 | 6f1526
2026-06-03 12:11:59 | activity-run2 | entry 61/100 | fccf93
2026-06-03 12:11:59 | activity-run2 | entry 62/100 | bb2489
2026-06-03 12:11:59 | activity-run2 | entry 63/100 | c23ca6
2026-06-03 12:12:00 | activity-run2 | entry 64/100 | 870586
2026-06-03 12:12:00 | activity-run2 | entry 65/100 | c7b761
2026-06-03 12:12:00 | activity-run2 | entry 66/100 | 77743a
2026-06-03 12:12:00 | activity-run2 | entry 67/100 | 323317
2026-06-03 12:12:01 | activity-run2 | entry 68/100 | d6cdac
2026-06-03 12:12:01 | activity-run2 | entry 69/100 | 3cc5f8
2026-06-03 12:12:01 | activity-run2 | entry 70/100 | cd7435
2026-06-03 12:12:01 | activity-run2 | entry 71/100 | a539c5
2026-06-03 12:12:01 | activity-run2 | entry 72/100 | f130c9
2026-06-03 12:12:02 | activity-run2 | entry 73/100 | 827864
2026-06-03 12:12:02 | activity-run2 | entry 74/100 | 17f4e4
2026-06-03 12:12:02 | activity-run2 | entry 75/100 | c7975c
2026-06-03 12:12:02 | activity-run2 | entry 76/100 | 0c7fd8
2026-06-03 12:12:03 | activity-run2 | entry 77/100 | 29434f
2026-06-03 12:12:03 | activity-run2 | entry 78/100 | 88d280
2026-06-03 12:12:03 | activity-run2 | entry 79/100 | 21ff2f
2026-06-03 12:12:03 | activity-run2 | entry 80/100 | 7a5ea7
2026-06-03 12:12:03 | activity-run2 | entry 81/100 | f693fa
2026-06-03 12:12:04 | activity-run2 | entry 82/100 | 6b755b
2026-06-03 12:12:04 | activity-run2 | entry 83/100 | ecd521
2026-06-03 12:12:04 | activity-run2 | entry 84/100 | 61d720
2026-06-03 12:12:04 | activity-run2 | entry 85/100 | f0ebd6
2026-06-03 12:12:05 | activity-run2 | entry 86/100 | eaae2f
2026-06-03 12:12:05 | activity-run2 | entry 87/100 | 28eebe
2026-06-03 12:12:05 | activity-run2 | entry 88/100 | 7765b0
2026-06-03 12:12:05 | activity-run2 | entry 89/100 | 2168c9
2026-06-03 12:12:05 | activity-run2 | entry 90/100 | 8711eb
2026-06-03 12:12:06 | activity-run2 | entry 91/100 | f44c74
2026-06-03 12:12:06 | activity-run2 | entry 92/100 | 7876c3
2026-06-03 12:12:06 | activity-run2 | entry 93/100 | 06bcf5
2026-06-03 12:12:06 | activity-run2 | entry 94/100 | 30198a
2026-06-03 12:12:07 | activity-run2 | entry 95/100 | f1638f
2026-06-03 12:12:07 | activity-run2 | entry 96/100 | a502af
2026-06-03 12:12:07 | activity-run2 | entry 97/100 | dfa19d
2026-06-03 12:12:07 | activity-run2 | entry 98/100 | 8acbbf
2026-06-03 12:12:07 | activity-run2 | entry 99/100 | 92c573
2026-06-03 12:12:08 | activity-run2 | entry 100/100 | 7da7b7
2026-06-03 12:12:12 | feature/activity-20260603-121147-1 | feature change
2026-06-03 12:12:25 | feature/activity-20260603-121147-2 | feature change
2026-06-03 12:12:37 | feature/activity-20260603-121147-3 | feature change
2026-06-03 12:12:49 | feature/activity-20260603-121147-4 | feature change
2026-06-03 12:13:01 | feature/activity-20260603-121147-5 | feature change
2026-06-03 12:13:13 | feature/activity-20260603-121147-6 | feature change
2026-06-03 12:13:25 | feature/activity-20260603-121147-7 | feature change
2026-06-03 12:13:38 | feature/activity-20260603-121147-8 | feature change
2026-06-03 12:13:50 | feature/activity-20260603-121147-9 | feature change
2026-06-03 12:14:01 | feature/activity-20260603-121147-10 | feature change
2026-06-03 12:14:13 | feature/activity-20260603-121147-11 | feature change
2026-06-03 12:14:27 | feature/activity-20260603-121147-12 | feature change
2026-06-03 12:14:38 | feature/activity-20260603-121147-13 | feature change
2026-06-03 12:14:51 | feature/activity-20260603-121147-14 | feature change
2026-06-03 12:15:04 | feature/activity-20260603-121147-15 | feature change
2026-06-03 12:15:16 | feature/activity-20260603-121147-16 | feature change
2026-06-03 12:15:27 | feature/activity-20260603-121147-17 | feature change
2026-06-03 12:15:41 | feature/activity-20260603-121147-18 | feature change
2026-06-03 12:15:55 | feature/activity-20260603-121147-19 | feature change
2026-06-03 12:16:10 | feature/activity-20260603-121147-20 | feature change
2026-06-03 12:16:24 | feature/activity-20260603-121147-21 | feature change
2026-06-03 12:16:39 | feature/activity-20260603-121147-22 | feature change
2026-06-03 12:16:54 | feature/activity-20260603-121147-23 | feature change
2026-06-03 12:17:09 | feature/activity-20260603-121147-24 | feature change
2026-06-03 12:17:24 | feature/activity-20260603-121147-25 | feature change
2026-06-04 10:25:10 | activity-run2 | entry 1/100 | f1a2a0
2026-06-04 10:25:12 | activity-run2 | entry 2/100 | 0522f4
2026-06-04 10:25:13 | activity-run2 | entry 3/100 | a615e4
2026-06-04 10:25:13 | activity-run2 | entry 4/100 | e1adaf
2026-06-04 10:25:13 | activity-run2 | entry 5/100 | 4dac0e
2026-06-04 10:25:14 | activity-run2 | entry 6/100 | 6e28ad
2026-06-04 10:25:14 | activity-run2 | entry 7/100 | c667c0
2026-06-04 10:25:15 | activity-run2 | entry 8/100 | 592129
2026-06-04 10:25:16 | activity-run2 | entry 9/100 | 760ab6
2026-06-04 10:25:16 | activity-run2 | entry 10/100 | 175c9f
2026-06-04 10:25:17 | activity-run2 | entry 11/100 | 38cdf8
2026-06-04 10:25:17 | activity-run2 | entry 12/100 | 2368c9
2026-06-04 10:25:18 | activity-run2 | entry 13/100 | a74fc7
2026-06-04 10:25:18 | activity-run2 | entry 14/100 | 972bb8
2026-06-04 10:25:19 | activity-run2 | entry 15/100 | 88fbe9
2026-06-04 10:25:20 | activity-run2 | entry 16/100 | 87450e
2026-06-04 10:25:20 | activity-run2 | entry 17/100 | 1e6e69
2026-06-04 10:25:21 | activity-run2 | entry 18/100 | 511726
2026-06-04 10:25:21 | activity-run2 | entry 19/100 | f92fa2
2026-06-04 10:25:22 | activity-run2 | entry 20/100 | f8dfdc
2026-06-04 10:25:23 | activity-run2 | entry 21/100 | 447161
2026-06-04 10:25:23 | activity-run2 | entry 22/100 | fae9dd
2026-06-04 10:25:24 | activity-run2 | entry 23/100 | 72d19c
2026-06-04 10:25:25 | activity-run2 | entry 24/100 | a2871e
2026-06-04 10:25:26 | activity-run2 | entry 25/100 | aa2470
2026-06-04 10:25:26 | activity-run2 | entry 26/100 | 04b43f
2026-06-04 10:25:27 | activity-run2 | entry 27/100 | d32125
2026-06-04 10:25:28 | activity-run2 | entry 28/100 | 752913
2026-06-04 10:25:28 | activity-run2 | entry 29/100 | 02fc63
2026-06-04 10:25:29 | activity-run2 | entry 30/100 | 1bf2ac
2026-06-04 10:25:30 | activity-run2 | entry 31/100 | 9cd09d
2026-06-04 10:25:31 | activity-run2 | entry 32/100 | 0ad213
2026-06-04 10:25:32 | activity-run2 | entry 33/100 | 88e855
2026-06-04 10:25:33 | activity-run2 | entry 34/100 | 91aef3
2026-06-04 10:25:33 | activity-run2 | entry 35/100 | 8cd8fd
2026-06-04 10:25:34 | activity-run2 | entry 36/100 | 3e4c3b
2026-06-04 10:25:35 | activity-run2 | entry 37/100 | 313629
2026-06-04 10:25:35 | activity-run2 | entry 38/100 | 77dbb8
2026-06-04 10:25:35 | activity-run2 | entry 39/100 | 4f4610
2026-06-04 10:25:36 | activity-run2 | entry 40/100 | 3f0b47
2026-06-04 10:25:37 | activity-run2 | entry 41/100 | 4fb039
2026-06-04 10:25:37 | activity-run2 | entry 42/100 | 0b67df
2026-06-04 10:25:38 | activity-run2 | entry 43/100 | b5afff
2026-06-04 10:25:38 | activity-run2 | entry 44/100 | 7f0f72
2026-06-04 10:25:38 | activity-run2 | entry 45/100 | 8aa9dd
2026-06-04 10:25:38 | activity-run2 | entry 46/100 | 851d53
2026-06-04 10:25:39 | activity-run2 | entry 47/100 | 52b513
2026-06-04 10:25:39 | activity-run2 | entry 48/100 | 4abaa8
2026-06-04 10:25:39 | activity-run2 | entry 49/100 | d84a75
2026-06-04 10:25:39 | activity-run2 | entry 50/100 | d8750f
2026-06-04 10:25:40 | activity-run2 | entry 51/100 | 902329
2026-06-04 10:25:40 | activity-run2 | entry 52/100 | 7ff41a
2026-06-04 10:25:40 | activity-run2 | entry 53/100 | befcae
2026-06-04 10:25:40 | activity-run2 | entry 54/100 | 6335ed
2026-06-04 10:25:41 | activity-run2 | entry 55/100 | 3aa863
2026-06-04 10:25:41 | activity-run2 | entry 56/100 | 49b83b
2026-06-04 10:25:41 | activity-run2 | entry 57/100 | ea9d86
2026-06-04 10:25:42 | activity-run2 | entry 58/100 | 1c5a15
2026-06-04 10:25:42 | activity-run2 | entry 59/100 | f26a18
2026-06-04 10:25:42 | activity-run2 | entry 60/100 | 1d7cf2
2026-06-04 10:25:42 | activity-run2 | entry 61/100 | e18f9b
2026-06-04 10:25:43 | activity-run2 | entry 62/100 | 3db6ab
2026-06-04 10:25:43 | activity-run2 | entry 63/100 | 0c347e
2026-06-04 10:25:43 | activity-run2 | entry 64/100 | c8cdcd
2026-06-04 10:25:43 | activity-run2 | entry 65/100 | 21c357
2026-06-04 10:25:44 | activity-run2 | entry 66/100 | 20aca1
2026-06-04 10:25:44 | activity-run2 | entry 67/100 | 5fc0c1
2026-06-04 10:25:44 | activity-run2 | entry 68/100 | 87aa20
2026-06-04 10:25:45 | activity-run2 | entry 69/100 | ee46f1
2026-06-04 10:25:45 | activity-run2 | entry 70/100 | 75d3fd
2026-06-04 10:25:45 | activity-run2 | entry 71/100 | d2e812
2026-06-04 10:25:45 | activity-run2 | entry 72/100 | 3c7b4c
2026-06-04 10:25:46 | activity-run2 | entry 73/100 | 8a4875
2026-06-04 10:25:46 | activity-run2 | entry 74/100 | 28a8f2
2026-06-04 10:25:46 | activity-run2 | entry 75/100 | 219716
2026-06-04 10:25:46 | activity-run2 | entry 76/100 | 6b7908
2026-06-04 10:25:47 | activity-run2 | entry 77/100 | e795ba
2026-06-04 10:25:47 | activity-run2 | entry 78/100 | e741b5
2026-06-04 10:25:48 | activity-run2 | entry 79/100 | e7e520
2026-06-04 10:25:48 | activity-run2 | entry 80/100 | a260cb
2026-06-04 10:25:48 | activity-run2 | entry 81/100 | bb1991
2026-06-04 10:25:49 | activity-run2 | entry 82/100 | c5d166
2026-06-04 10:25:49 | activity-run2 | entry 83/100 | 92555b
2026-06-04 10:25:49 | activity-run2 | entry 84/100 | 57fb4f
2026-06-04 10:25:49 | activity-run2 | entry 85/100 | 4afe2e
2026-06-04 10:25:50 | activity-run2 | entry 86/100 | 151d47
2026-06-04 10:25:50 | activity-run2 | entry 87/100 | 9df749
2026-06-04 10:25:50 | activity-run2 | entry 88/100 | f2b3c7
2026-06-04 10:25:51 | activity-run2 | entry 89/100 | e15283
2026-06-04 10:25:51 | activity-run2 | entry 90/100 | ca0b49
2026-06-04 10:25:51 | activity-run2 | entry 91/100 | 4340f3
2026-06-04 10:25:51 | activity-run2 | entry 92/100 | 71a12f
2026-06-04 10:25:52 | activity-run2 | entry 93/100 | e4421c
2026-06-04 10:25:52 | activity-run2 | entry 94/100 | a7ab19
2026-06-04 10:25:52 | activity-run2 | entry 95/100 | fb2ee1
2026-06-04 10:25:53 | activity-run2 | entry 96/100 | edebeb
2026-06-04 10:25:53 | activity-run2 | entry 97/100 | 1601a9
2026-06-04 10:25:53 | activity-run2 | entry 98/100 | c9c0fb
2026-06-04 10:25:53 | activity-run2 | entry 99/100 | 5afdb7
2026-06-04 10:25:54 | activity-run2 | entry 100/100 | 50953b
2026-06-04 10:25:58 | feature/activity-20260604-102510-1 | feature change
2026-06-04 10:26:10 | feature/activity-20260604-102510-2 | feature change
2026-06-04 10:26:23 | feature/activity-20260604-102510-3 | feature change
2026-06-04 10:26:35 | feature/activity-20260604-102510-4 | feature change
2026-06-04 10:26:47 | feature/activity-20260604-102510-5 | feature change
2026-06-04 10:26:59 | feature/activity-20260604-102510-6 | feature change
2026-06-04 10:27:10 | feature/activity-20260604-102510-7 | feature change
2026-06-04 10:27:21 | feature/activity-20260604-102510-8 | feature change
2026-06-04 10:27:33 | feature/activity-20260604-102510-9 | feature change
2026-06-04 10:27:44 | feature/activity-20260604-102510-10 | feature change
2026-06-04 10:27:56 | feature/activity-20260604-102510-11 | feature change
2026-06-04 10:28:08 | feature/activity-20260604-102510-12 | feature change
2026-06-04 10:28:18 | feature/activity-20260604-102510-13 | feature change
2026-06-04 10:28:29 | feature/activity-20260604-102510-14 | feature change
2026-06-04 10:28:41 | feature/activity-20260604-102510-15 | feature change
2026-06-04 10:28:53 | feature/activity-20260604-102510-16 | feature change
2026-06-04 10:29:04 | feature/activity-20260604-102510-17 | feature change
2026-06-04 10:29:15 | feature/activity-20260604-102510-18 | feature change
2026-06-04 10:29:26 | feature/activity-20260604-102510-19 | feature change
2026-06-04 10:29:38 | feature/activity-20260604-102510-20 | feature change
2026-06-04 10:29:49 | feature/activity-20260604-102510-21 | feature change
2026-06-04 10:30:00 | feature/activity-20260604-102510-22 | feature change
2026-06-04 10:30:11 | feature/activity-20260604-102510-23 | feature change
2026-06-04 10:30:22 | feature/activity-20260604-102510-24 | feature change
2026-06-04 10:30:33 | feature/activity-20260604-102510-25 | feature change
2026-06-05 09:50:44 | activity-run2 | entry 1/100 | 52d348
2026-06-05 09:50:44 | activity-run2 | entry 2/100 | 1beb53
2026-06-05 09:50:45 | activity-run2 | entry 3/100 | 892ac4
2026-06-05 09:50:45 | activity-run2 | entry 4/100 | 957e6b
2026-06-05 09:50:45 | activity-run2 | entry 5/100 | b3f915
2026-06-05 09:50:45 | activity-run2 | entry 6/100 | 0c0d24
2026-06-05 09:50:45 | activity-run2 | entry 7/100 | e62c93
2026-06-05 09:50:46 | activity-run2 | entry 8/100 | 4e8b43
2026-06-05 09:50:46 | activity-run2 | entry 9/100 | e3cc19
2026-06-05 09:50:46 | activity-run2 | entry 10/100 | 76459e
2026-06-05 09:50:46 | activity-run2 | entry 11/100 | 8ce0de
2026-06-05 09:50:46 | activity-run2 | entry 12/100 | 98df26
2026-06-05 09:50:46 | activity-run2 | entry 13/100 | 6073c0
2026-06-05 09:50:47 | activity-run2 | entry 14/100 | 8e4d47
2026-06-05 09:50:47 | activity-run2 | entry 15/100 | 294f89
2026-06-05 09:50:47 | activity-run2 | entry 16/100 | 9d8058
2026-06-05 09:50:47 | activity-run2 | entry 17/100 | 07d2f6
2026-06-05 09:50:47 | activity-run2 | entry 18/100 | f962e6
2026-06-05 09:50:48 | activity-run2 | entry 19/100 | 69e949
2026-06-05 09:50:48 | activity-run2 | entry 20/100 | 04d395
2026-06-05 09:50:48 | activity-run2 | entry 21/100 | e0d919
2026-06-05 09:50:48 | activity-run2 | entry 22/100 | 4a764c
2026-06-05 09:50:48 | activity-run2 | entry 23/100 | 8ba373
2026-06-05 09:50:48 | activity-run2 | entry 24/100 | a1db96
2026-06-05 09:50:49 | activity-run2 | entry 25/100 | 84dba2
2026-06-05 09:50:49 | activity-run2 | entry 26/100 | 230da1
2026-06-05 09:50:49 | activity-run2 | entry 27/100 | 4abc5d
2026-06-05 09:50:49 | activity-run2 | entry 28/100 | e495c6
2026-06-05 09:50:49 | activity-run2 | entry 29/100 | f54c08
2026-06-05 09:50:49 | activity-run2 | entry 30/100 | 5cfb82
2026-06-05 09:50:50 | activity-run2 | entry 31/100 | 5e88d2
2026-06-05 09:50:50 | activity-run2 | entry 32/100 | af59b1
2026-06-05 09:50:50 | activity-run2 | entry 33/100 | 61ed31
2026-06-05 09:50:50 | activity-run2 | entry 34/100 | 99f070
2026-06-05 09:50:51 | activity-run2 | entry 35/100 | aea101
2026-06-05 09:50:51 | activity-run2 | entry 36/100 | 2944ac
2026-06-05 09:50:51 | activity-run2 | entry 37/100 | 8f8e3a
2026-06-05 09:50:51 | activity-run2 | entry 38/100 | 9ebfcd
2026-06-05 09:50:51 | activity-run2 | entry 39/100 | 586d40
2026-06-05 09:50:51 | activity-run2 | entry 40/100 | d84c03
2026-06-05 09:50:52 | activity-run2 | entry 41/100 | 251e81
2026-06-05 09:50:52 | activity-run2 | entry 42/100 | 521d3e
2026-06-05 09:50:52 | activity-run2 | entry 43/100 | 8328b9
2026-06-05 09:50:52 | activity-run2 | entry 44/100 | 0cbe20
2026-06-05 09:50:52 | activity-run2 | entry 45/100 | 740ee7
2026-06-05 09:50:53 | activity-run2 | entry 46/100 | 28167b
2026-06-05 09:50:53 | activity-run2 | entry 47/100 | 5ea0e2
2026-06-05 09:50:53 | activity-run2 | entry 48/100 | eca5d0
2026-06-05 09:50:53 | activity-run2 | entry 49/100 | 3bed7b
2026-06-05 09:50:53 | activity-run2 | entry 50/100 | ab7d72
2026-06-05 09:50:53 | activity-run2 | entry 51/100 | cd0e8a
2026-06-05 09:50:54 | activity-run2 | entry 52/100 | 02770e
2026-06-05 09:50:54 | activity-run2 | entry 53/100 | e265f0
2026-06-05 09:50:54 | activity-run2 | entry 54/100 | 214127
2026-06-05 09:50:54 | activity-run2 | entry 55/100 | 011fd9
2026-06-05 09:50:54 | activity-run2 | entry 56/100 | 9185be
2026-06-05 09:50:54 | activity-run2 | entry 57/100 | fb23e1
2026-06-05 09:50:55 | activity-run2 | entry 58/100 | 10045f
2026-06-05 09:50:55 | activity-run2 | entry 59/100 | 72c3c8
2026-06-05 09:50:55 | activity-run2 | entry 60/100 | 63566e
2026-06-05 09:50:55 | activity-run2 | entry 61/100 | e8afbd
2026-06-05 09:50:55 | activity-run2 | entry 62/100 | 97ecdd
2026-06-05 09:50:56 | activity-run2 | entry 63/100 | e5829b
2026-06-05 09:50:56 | activity-run2 | entry 64/100 | 432c32
2026-06-05 09:50:56 | activity-run2 | entry 65/100 | 3334d0
2026-06-05 09:50:56 | activity-run2 | entry 66/100 | e54aac
2026-06-05 09:50:56 | activity-run2 | entry 67/100 | 441d5c
2026-06-05 09:50:56 | activity-run2 | entry 68/100 | 8dd454
2026-06-05 09:50:57 | activity-run2 | entry 69/100 | ce33e3
2026-06-05 09:50:57 | activity-run2 | entry 70/100 | faf074
2026-06-05 09:50:57 | activity-run2 | entry 71/100 | c09037
2026-06-05 09:50:57 | activity-run2 | entry 72/100 | 544b7b
2026-06-05 09:50:57 | activity-run2 | entry 73/100 | 57134f
2026-06-05 09:50:58 | activity-run2 | entry 74/100 | 2ad8d9
2026-06-05 09:50:58 | activity-run2 | entry 75/100 | 366519
2026-06-05 09:50:58 | activity-run2 | entry 76/100 | c09ce0
2026-06-05 09:50:58 | activity-run2 | entry 77/100 | fc649c
2026-06-05 09:50:58 | activity-run2 | entry 78/100 | eb60c5
2026-06-05 09:50:58 | activity-run2 | entry 79/100 | 24faf6
2026-06-05 09:50:59 | activity-run2 | entry 80/100 | f1c128
2026-06-05 09:50:59 | activity-run2 | entry 81/100 | 4e70f3
2026-06-05 09:50:59 | activity-run2 | entry 82/100 | 448e35
2026-06-05 09:50:59 | activity-run2 | entry 83/100 | 07fe0b
2026-06-05 09:50:59 | activity-run2 | entry 84/100 | 663795
2026-06-05 09:50:59 | activity-run2 | entry 85/100 | 36b6dc
2026-06-05 09:51:00 | activity-run2 | entry 86/100 | 3abe12
2026-06-05 09:51:00 | activity-run2 | entry 87/100 | d42fc1
2026-06-05 09:51:00 | activity-run2 | entry 88/100 | f50f79
2026-06-05 09:51:00 | activity-run2 | entry 89/100 | f07a0d
2026-06-05 09:51:00 | activity-run2 | entry 90/100 | 2835cd
2026-06-05 09:51:01 | activity-run2 | entry 91/100 | 7b62a2
2026-06-05 09:51:01 | activity-run2 | entry 92/100 | 71d168
2026-06-05 09:51:01 | activity-run2 | entry 93/100 | a6738b
2026-06-05 09:51:01 | activity-run2 | entry 94/100 | 05b21f
2026-06-05 09:51:01 | activity-run2 | entry 95/100 | be573c
2026-06-05 09:51:01 | activity-run2 | entry 96/100 | baee88
2026-06-05 09:51:02 | activity-run2 | entry 97/100 | 086ce2
2026-06-05 09:51:02 | activity-run2 | entry 98/100 | 9bdda9
2026-06-05 09:51:02 | activity-run2 | entry 99/100 | 35376b
2026-06-05 09:51:02 | activity-run2 | entry 100/100 | 2bd68d
2026-06-05 09:51:06 | feature/activity-20260605-095044-1 | feature change
2026-06-05 09:51:16 | feature/activity-20260605-095044-2 | feature change
2026-06-05 09:51:26 | feature/activity-20260605-095044-3 | feature change
2026-06-05 09:51:36 | feature/activity-20260605-095044-4 | feature change
2026-06-05 09:51:47 | feature/activity-20260605-095044-5 | feature change
2026-06-05 09:51:57 | feature/activity-20260605-095044-6 | feature change
2026-06-05 09:52:07 | feature/activity-20260605-095044-7 | feature change
2026-06-05 09:52:17 | feature/activity-20260605-095044-8 | feature change
2026-06-05 09:52:27 | feature/activity-20260605-095044-9 | feature change
2026-06-05 09:52:38 | feature/activity-20260605-095044-10 | feature change
2026-06-05 09:52:49 | feature/activity-20260605-095044-11 | feature change
2026-06-05 09:52:59 | feature/activity-20260605-095044-12 | feature change
2026-06-05 09:53:11 | feature/activity-20260605-095044-13 | feature change
2026-06-05 09:53:21 | feature/activity-20260605-095044-14 | feature change
2026-06-05 09:53:31 | feature/activity-20260605-095044-15 | feature change
2026-06-05 09:53:43 | feature/activity-20260605-095044-16 | feature change
2026-06-05 09:53:54 | feature/activity-20260605-095044-17 | feature change
2026-06-05 09:54:05 | feature/activity-20260605-095044-18 | feature change
2026-06-05 09:54:16 | feature/activity-20260605-095044-19 | feature change
2026-06-05 09:54:28 | feature/activity-20260605-095044-20 | feature change
2026-06-05 09:54:38 | feature/activity-20260605-095044-21 | feature change
2026-06-05 09:54:48 | feature/activity-20260605-095044-22 | feature change
2026-06-05 09:54:58 | feature/activity-20260605-095044-23 | feature change
2026-06-05 09:55:09 | feature/activity-20260605-095044-24 | feature change
2026-06-05 09:55:20 | feature/activity-20260605-095044-25 | feature change
2026-06-06 08:40:42 | activity-run2 | entry 1/100 | 341276
2026-06-06 08:40:42 | activity-run2 | entry 2/100 | 864c85
2026-06-06 08:40:43 | activity-run2 | entry 3/100 | 9d117d
2026-06-06 08:40:43 | activity-run2 | entry 4/100 | ee0a37
2026-06-06 08:40:43 | activity-run2 | entry 5/100 | a0d18b
2026-06-06 08:40:45 | activity-run2 | entry 6/100 | ca98dc
2026-06-06 08:40:45 | activity-run2 | entry 7/100 | 966c0c
2026-06-06 08:40:46 | activity-run2 | entry 8/100 | 485b14
2026-06-06 08:40:46 | activity-run2 | entry 9/100 | ddeb73
2026-06-06 08:40:47 | activity-run2 | entry 10/100 | a44cb8
2026-06-06 08:40:47 | activity-run2 | entry 11/100 | ea3e76
2026-06-06 08:40:47 | activity-run2 | entry 12/100 | 3dde8b
2026-06-06 08:40:49 | activity-run2 | entry 13/100 | 077fc0
2026-06-06 08:40:51 | activity-run2 | entry 14/100 | 1ac963
2026-06-06 08:40:56 | activity-run2 | entry 15/100 | 494ada
2026-06-06 08:40:56 | activity-run2 | entry 16/100 | 2b514c
2026-06-06 08:40:58 | activity-run2 | entry 17/100 | a3a2eb
2026-06-06 08:41:00 | activity-run2 | entry 18/100 | 4f487e
2026-06-06 08:41:01 | activity-run2 | entry 19/100 | 83b76a
2026-06-06 08:41:01 | activity-run2 | entry 20/100 | d90d9d
2026-06-06 08:41:02 | activity-run2 | entry 21/100 | c1c3f0
2026-06-06 08:41:03 | activity-run2 | entry 22/100 | 6c8f80
2026-06-06 08:41:03 | activity-run2 | entry 23/100 | 2a7b29
2026-06-06 08:41:04 | activity-run2 | entry 24/100 | 4579dd
2026-06-06 08:41:04 | activity-run2 | entry 25/100 | 5fb371
2026-06-06 08:41:04 | activity-run2 | entry 26/100 | 9ced6c
2026-06-06 08:41:04 | activity-run2 | entry 27/100 | 6a6611
2026-06-06 08:41:07 | activity-run2 | entry 28/100 | 8ef831
2026-06-06 08:41:08 | activity-run2 | entry 29/100 | fe4aa0
2026-06-06 08:41:08 | activity-run2 | entry 30/100 | 0cbdca
2026-06-06 08:41:09 | activity-run2 | entry 31/100 | 33c875
2026-06-06 08:41:11 | activity-run2 | entry 32/100 | e4cbcb
2026-06-06 08:41:16 | activity-run2 | entry 33/100 | 18dc55
2026-06-06 08:41:17 | activity-run2 | entry 34/100 | c5acb1
2026-06-06 08:41:17 | activity-run2 | entry 35/100 | 3fafc8
2026-06-06 08:41:17 | activity-run2 | entry 36/100 | 6d973e
2026-06-06 08:41:17 | activity-run2 | entry 37/100 | 60388e
2026-06-06 08:41:18 | activity-run2 | entry 38/100 | 6e1c33
2026-06-06 08:41:18 | activity-run2 | entry 39/100 | f55dd7
2026-06-06 08:41:18 | activity-run2 | entry 40/100 | 07e30c
2026-06-06 08:41:18 | activity-run2 | entry 41/100 | ec094e
2026-06-06 08:41:19 | activity-run2 | entry 42/100 | c5d6bf
2026-06-06 08:41:19 | activity-run2 | entry 43/100 | 715a06
2026-06-06 08:41:19 | activity-run2 | entry 44/100 | a3b024
2026-06-06 08:41:20 | activity-run2 | entry 45/100 | 072184
2026-06-06 08:41:20 | activity-run2 | entry 46/100 | eed442
2026-06-06 08:41:20 | activity-run2 | entry 47/100 | bfffe3
2026-06-06 08:41:20 | activity-run2 | entry 48/100 | dfae3c
2026-06-06 08:41:21 | activity-run2 | entry 49/100 | 5516ca
2026-06-06 08:41:21 | activity-run2 | entry 50/100 | e2f21f
2026-06-06 08:41:21 | activity-run2 | entry 51/100 | 6335b3
2026-06-06 08:41:22 | activity-run2 | entry 52/100 | 7940eb
2026-06-06 08:41:22 | activity-run2 | entry 53/100 | 9e4a95
2026-06-06 08:41:22 | activity-run2 | entry 54/100 | 3ab1bd
2026-06-06 08:41:23 | activity-run2 | entry 55/100 | bccc9f
2026-06-06 08:41:23 | activity-run2 | entry 56/100 | 9a064b
2026-06-06 08:41:23 | activity-run2 | entry 57/100 | 5180cc
2026-06-06 08:41:24 | activity-run2 | entry 58/100 | b96b7c
2026-06-06 08:41:24 | activity-run2 | entry 59/100 | d93f4d
2026-06-06 08:41:24 | activity-run2 | entry 60/100 | edbd04
2026-06-06 08:41:25 | activity-run2 | entry 61/100 | ce2fa0
2026-06-06 08:41:25 | activity-run2 | entry 62/100 | 491454
2026-06-06 08:41:25 | activity-run2 | entry 63/100 | 5538c5
2026-06-06 08:41:26 | activity-run2 | entry 64/100 | 8fefaf
2026-06-06 08:41:26 | activity-run2 | entry 65/100 | 75e08b
2026-06-06 08:41:26 | activity-run2 | entry 66/100 | 11f7ec
2026-06-06 08:41:26 | activity-run2 | entry 67/100 | b28b2e
2026-06-06 08:41:27 | activity-run2 | entry 68/100 | 1e36df
2026-06-06 08:41:27 | activity-run2 | entry 69/100 | 1e3f6f
2026-06-06 08:41:27 | activity-run2 | entry 70/100 | d12ec5
2026-06-06 08:41:27 | activity-run2 | entry 71/100 | 15ade4
2026-06-06 08:41:28 | activity-run2 | entry 72/100 | 7c398b
2026-06-06 08:41:28 | activity-run2 | entry 73/100 | 5ec867
2026-06-06 08:41:28 | activity-run2 | entry 74/100 | e5626c
2026-06-06 08:41:28 | activity-run2 | entry 75/100 | 90096d
2026-06-06 08:41:29 | activity-run2 | entry 76/100 | 15c310
2026-06-06 08:41:29 | activity-run2 | entry 77/100 | 3bec3b
2026-06-06 08:41:29 | activity-run2 | entry 78/100 | 0e4199
2026-06-06 08:41:30 | activity-run2 | entry 79/100 | 956696
2026-06-06 08:41:30 | activity-run2 | entry 80/100 | ea55bb
2026-06-06 08:41:30 | activity-run2 | entry 81/100 | 8993ca
2026-06-06 08:41:30 | activity-run2 | entry 82/100 | 87f867
2026-06-06 08:41:31 | activity-run2 | entry 83/100 | 14e1ce
2026-06-06 08:41:31 | activity-run2 | entry 84/100 | 079774
2026-06-06 08:41:31 | activity-run2 | entry 85/100 | 1cbb9f
2026-06-06 08:41:31 | activity-run2 | entry 86/100 | 0cc2e3
2026-06-06 08:41:32 | activity-run2 | entry 87/100 | fcdcf7
2026-06-06 08:41:32 | activity-run2 | entry 88/100 | ac8e97
2026-06-06 08:41:32 | activity-run2 | entry 89/100 | d9e88f
2026-06-06 08:41:32 | activity-run2 | entry 90/100 | 51f505
2026-06-06 08:41:33 | activity-run2 | entry 91/100 | c8b6a0
2026-06-06 08:41:33 | activity-run2 | entry 92/100 | 072734
2026-06-06 08:41:33 | activity-run2 | entry 93/100 | 265d62
2026-06-06 08:41:33 | activity-run2 | entry 94/100 | 7e5c05
2026-06-06 08:41:34 | activity-run2 | entry 95/100 | 40e615
2026-06-06 08:41:36 | activity-run2 | entry 96/100 | 46ae60
2026-06-06 08:41:38 | activity-run2 | entry 97/100 | a12254
2026-06-06 08:41:40 | activity-run2 | entry 98/100 | 5f5908
2026-06-06 08:41:41 | activity-run2 | entry 99/100 | 4e3554
2026-06-06 08:41:43 | activity-run2 | entry 100/100 | 85bd50
2026-06-06 08:41:54 | feature/activity-20260606-084041-1 | feature change
2026-06-06 08:42:06 | feature/activity-20260606-084041-2 | feature change
2026-06-06 08:42:17 | feature/activity-20260606-084041-3 | feature change
2026-06-06 08:42:27 | feature/activity-20260606-084041-4 | feature change
2026-06-06 08:42:39 | feature/activity-20260606-084041-5 | feature change
2026-06-06 08:42:50 | feature/activity-20260606-084041-6 | feature change
2026-06-06 08:43:01 | feature/activity-20260606-084041-7 | feature change
2026-06-06 08:43:13 | feature/activity-20260606-084041-8 | feature change
2026-06-06 08:43:24 | feature/activity-20260606-084041-9 | feature change
2026-06-06 08:43:35 | feature/activity-20260606-084041-10 | feature change
2026-06-06 08:43:46 | feature/activity-20260606-084041-11 | feature change
2026-06-06 08:43:58 | feature/activity-20260606-084041-12 | feature change
2026-06-06 08:44:08 | feature/activity-20260606-084041-13 | feature change
2026-06-06 08:44:20 | feature/activity-20260606-084041-14 | feature change
2026-06-06 08:44:34 | feature/activity-20260606-084041-15 | feature change
2026-06-06 08:44:45 | feature/activity-20260606-084041-16 | feature change
2026-06-06 08:44:59 | feature/activity-20260606-084041-17 | feature change
2026-06-06 08:45:14 | feature/activity-20260606-084041-18 | feature change
2026-06-06 08:45:28 | feature/activity-20260606-084041-19 | feature change
2026-06-06 08:45:42 | feature/activity-20260606-084041-20 | feature change
2026-06-06 08:45:57 | feature/activity-20260606-084041-21 | feature change
2026-06-06 08:46:11 | feature/activity-20260606-084041-22 | feature change
2026-06-06 08:46:25 | feature/activity-20260606-084041-23 | feature change
2026-06-06 08:46:39 | feature/activity-20260606-084041-24 | feature change
2026-06-06 08:46:53 | feature/activity-20260606-084041-25 | feature change
2026-06-07 11:12:05 | activity-run2 | entry 1/100 | 6dd28f
2026-06-07 11:12:05 | activity-run2 | entry 2/100 | 8702ae
2026-06-07 11:12:05 | activity-run2 | entry 3/100 | 4a99fe
2026-06-07 11:12:06 | activity-run2 | entry 4/100 | a8cf1d
2026-06-07 11:12:06 | activity-run2 | entry 5/100 | 737641
2026-06-07 11:12:06 | activity-run2 | entry 6/100 | c7f6c7
2026-06-07 11:12:06 | activity-run2 | entry 7/100 | f7976c
2026-06-07 11:12:06 | activity-run2 | entry 8/100 | dabd8d
2026-06-07 11:12:07 | activity-run2 | entry 9/100 | bfdc21
2026-06-07 11:12:07 | activity-run2 | entry 10/100 | 74f2e2
2026-06-07 11:12:07 | activity-run2 | entry 11/100 | f08536
2026-06-07 11:12:07 | activity-run2 | entry 12/100 | d9d6c1
2026-06-07 11:12:07 | activity-run2 | entry 13/100 | 70c484
2026-06-07 11:12:08 | activity-run2 | entry 14/100 | 769519
2026-06-07 11:12:08 | activity-run2 | entry 15/100 | 6f0fea
2026-06-07 11:12:08 | activity-run2 | entry 16/100 | 9eadc9
2026-06-07 11:12:08 | activity-run2 | entry 17/100 | 4c81df
2026-06-07 11:12:09 | activity-run2 | entry 18/100 | 3f430f
2026-06-07 11:12:09 | activity-run2 | entry 19/100 | ced028
2026-06-07 11:12:09 | activity-run2 | entry 20/100 | 05289b
2026-06-07 11:12:09 | activity-run2 | entry 21/100 | 360cb3
2026-06-07 11:12:09 | activity-run2 | entry 22/100 | f9492d
2026-06-07 11:12:10 | activity-run2 | entry 23/100 | 3409d2
2026-06-07 11:12:10 | activity-run2 | entry 24/100 | 0c4285
2026-06-07 11:12:10 | activity-run2 | entry 25/100 | 8e99b4
2026-06-07 11:12:10 | activity-run2 | entry 26/100 | eb9200
2026-06-07 11:12:10 | activity-run2 | entry 27/100 | ba29ca
2026-06-07 11:12:11 | activity-run2 | entry 28/100 | 5d011f
2026-06-07 11:12:11 | activity-run2 | entry 29/100 | 21082b
2026-06-07 11:12:11 | activity-run2 | entry 30/100 | 4a7495
2026-06-07 11:12:11 | activity-run2 | entry 31/100 | 266d35
2026-06-07 11:12:12 | activity-run2 | entry 32/100 | 677584
2026-06-07 11:12:12 | activity-run2 | entry 33/100 | cf89d6
2026-06-07 11:12:12 | activity-run2 | entry 34/100 | 40d1ab
2026-06-07 11:12:12 | activity-run2 | entry 35/100 | 314bf3
2026-06-07 11:12:12 | activity-run2 | entry 36/100 | 5a7d82
2026-06-07 11:12:13 | activity-run2 | entry 37/100 | 6f6954
2026-06-07 11:12:13 | activity-run2 | entry 38/100 | 81d5f9
2026-06-07 11:12:13 | activity-run2 | entry 39/100 | d118a2
2026-06-07 11:12:13 | activity-run2 | entry 40/100 | 8d0da1
2026-06-07 11:12:13 | activity-run2 | entry 41/100 | 54676e
2026-06-07 11:12:14 | activity-run2 | entry 42/100 | 0363ac
2026-06-07 11:12:14 | activity-run2 | entry 43/100 | 282d1d
2026-06-07 11:12:14 | activity-run2 | entry 44/100 | 91b1a2
2026-06-07 11:12:14 | activity-run2 | entry 45/100 | 67e650
2026-06-07 11:12:15 | activity-run2 | entry 46/100 | 727f3f
2026-06-07 11:12:15 | activity-run2 | entry 47/100 | 16a728
2026-06-07 11:12:15 | activity-run2 | entry 48/100 | 58cd41
2026-06-07 11:12:15 | activity-run2 | entry 49/100 | bfa504
2026-06-07 11:12:15 | activity-run2 | entry 50/100 | fc8ba8
2026-06-07 11:12:16 | activity-run2 | entry 51/100 | 76f709
2026-06-07 11:12:16 | activity-run2 | entry 52/100 | faf27c
2026-06-07 11:12:16 | activity-run2 | entry 53/100 | f8bbb5
2026-06-07 11:12:16 | activity-run2 | entry 54/100 | 945c65
2026-06-07 11:12:16 | activity-run2 | entry 55/100 | 4bebd5
2026-06-07 11:12:17 | activity-run2 | entry 56/100 | a20a87
2026-06-07 11:12:17 | activity-run2 | entry 57/100 | c1fd03
2026-06-07 11:12:17 | activity-run2 | entry 58/100 | 81ad5f
2026-06-07 11:12:17 | activity-run2 | entry 59/100 | aa1225
2026-06-07 11:12:17 | activity-run2 | entry 60/100 | 66cc1a
2026-06-07 11:12:18 | activity-run2 | entry 61/100 | 4e967e
2026-06-07 11:12:18 | activity-run2 | entry 62/100 | f6d00d
2026-06-07 11:12:18 | activity-run2 | entry 63/100 | 4aa92b
2026-06-07 11:12:18 | activity-run2 | entry 64/100 | c23444
2026-06-07 11:12:19 | activity-run2 | entry 65/100 | 97cf13
2026-06-07 11:12:19 | activity-run2 | entry 66/100 | 9988a0
2026-06-07 11:12:19 | activity-run2 | entry 67/100 | 0419a7
2026-06-07 11:12:19 | activity-run2 | entry 68/100 | e90fc2
2026-06-07 11:12:19 | activity-run2 | entry 69/100 | da484a
2026-06-07 11:12:20 | activity-run2 | entry 70/100 | e75412
2026-06-07 11:12:20 | activity-run2 | entry 71/100 | 063c06
2026-06-07 11:12:20 | activity-run2 | entry 72/100 | 729cf6
2026-06-07 11:12:20 | activity-run2 | entry 73/100 | 68950a
2026-06-07 11:12:20 | activity-run2 | entry 74/100 | 4da0f1
2026-06-07 11:12:21 | activity-run2 | entry 75/100 | 3fbef0
2026-06-07 11:12:21 | activity-run2 | entry 76/100 | 2c9d8e
2026-06-07 11:12:21 | activity-run2 | entry 77/100 | e0fd2b
2026-06-07 11:12:21 | activity-run2 | entry 78/100 | 053237
2026-06-07 11:12:22 | activity-run2 | entry 79/100 | 5a77a0
2026-06-07 11:12:22 | activity-run2 | entry 80/100 | 058fad
2026-06-07 11:12:22 | activity-run2 | entry 81/100 | e7ecc2
2026-06-07 11:12:22 | activity-run2 | entry 82/100 | 394360
2026-06-07 11:12:22 | activity-run2 | entry 83/100 | 3b0b7c
2026-06-07 11:12:23 | activity-run2 | entry 84/100 | 73a4b3
2026-06-07 11:12:23 | activity-run2 | entry 85/100 | 3faab1
2026-06-07 11:12:23 | activity-run2 | entry 86/100 | b1b29b
2026-06-07 11:12:23 | activity-run2 | entry 87/100 | e3a19e
2026-06-07 11:12:23 | activity-run2 | entry 88/100 | b8dc45
2026-06-07 11:12:24 | activity-run2 | entry 89/100 | faa20e
2026-06-07 11:12:24 | activity-run2 | entry 90/100 | 7af33c
2026-06-07 11:12:24 | activity-run2 | entry 91/100 | da5e07
2026-06-07 11:12:24 | activity-run2 | entry 92/100 | 3bb16d
2026-06-07 11:12:25 | activity-run2 | entry 93/100 | 388527
2026-06-07 11:12:25 | activity-run2 | entry 94/100 | 9db896
2026-06-07 11:12:25 | activity-run2 | entry 95/100 | 31a90c
2026-06-07 11:12:25 | activity-run2 | entry 96/100 | 4ed490
2026-06-07 11:12:25 | activity-run2 | entry 97/100 | 6b25d3
2026-06-07 11:12:26 | activity-run2 | entry 98/100 | f29af7
2026-06-07 11:12:26 | activity-run2 | entry 99/100 | 33ffb1
2026-06-07 11:12:26 | activity-run2 | entry 100/100 | 9eed91
2026-06-07 11:12:30 | feature/activity-20260607-111205-1 | feature change
2026-06-07 11:12:42 | feature/activity-20260607-111205-2 | feature change
2026-06-07 11:12:53 | feature/activity-20260607-111205-3 | feature change
2026-06-07 11:13:04 | feature/activity-20260607-111205-4 | feature change
2026-06-07 11:13:17 | feature/activity-20260607-111205-5 | feature change
2026-06-07 11:13:30 | feature/activity-20260607-111205-6 | feature change
2026-06-07 11:13:42 | feature/activity-20260607-111205-7 | feature change
2026-06-07 11:13:55 | feature/activity-20260607-111205-8 | feature change
2026-06-07 11:14:07 | feature/activity-20260607-111205-9 | feature change
2026-06-07 11:14:19 | feature/activity-20260607-111205-10 | feature change
2026-06-07 11:14:31 | feature/activity-20260607-111205-11 | feature change
2026-06-07 11:14:43 | feature/activity-20260607-111205-12 | feature change
2026-06-07 11:14:57 | feature/activity-20260607-111205-13 | feature change
2026-06-07 11:15:10 | feature/activity-20260607-111205-14 | feature change
2026-06-07 11:15:24 | feature/activity-20260607-111205-15 | feature change
2026-06-07 11:15:36 | feature/activity-20260607-111205-16 | feature change
2026-06-07 11:15:48 | feature/activity-20260607-111205-17 | feature change
2026-06-07 11:15:59 | feature/activity-20260607-111205-18 | feature change
2026-06-07 11:16:12 | feature/activity-20260607-111205-19 | feature change
2026-06-07 11:16:24 | feature/activity-20260607-111205-20 | feature change
2026-06-07 11:16:38 | feature/activity-20260607-111205-21 | feature change
2026-06-07 11:16:53 | feature/activity-20260607-111205-22 | feature change
2026-06-07 11:17:05 | feature/activity-20260607-111205-23 | feature change
2026-06-07 11:17:17 | feature/activity-20260607-111205-24 | feature change
2026-06-07 11:17:28 | feature/activity-20260607-111205-25 | feature change
2026-06-08 09:28:12 | activity-run2 | entry 1/100 | fa4bc6
2026-06-08 09:28:12 | activity-run2 | entry 2/100 | 9ba058
2026-06-08 09:28:12 | activity-run2 | entry 3/100 | 02dd4a
2026-06-08 09:28:13 | activity-run2 | entry 4/100 | 9699e9
2026-06-08 09:28:13 | activity-run2 | entry 5/100 | d4080a
2026-06-08 09:28:13 | activity-run2 | entry 6/100 | c29b1f
2026-06-08 09:28:13 | activity-run2 | entry 7/100 | 5f67c0
2026-06-08 09:28:14 | activity-run2 | entry 8/100 | 77932a
2026-06-08 09:28:14 | activity-run2 | entry 9/100 | b0ffe1
2026-06-08 09:28:14 | activity-run2 | entry 10/100 | 14e623
2026-06-08 09:28:14 | activity-run2 | entry 11/100 | 103ad6
2026-06-08 09:28:15 | activity-run2 | entry 12/100 | d7c5aa
2026-06-08 09:28:15 | activity-run2 | entry 13/100 | 860685
2026-06-08 09:28:15 | activity-run2 | entry 14/100 | b50623
2026-06-08 09:28:15 | activity-run2 | entry 15/100 | d7e7b7
2026-06-08 09:28:16 | activity-run2 | entry 16/100 | 2e76ea
2026-06-08 09:28:16 | activity-run2 | entry 17/100 | 1bcd12
2026-06-08 09:28:16 | activity-run2 | entry 18/100 | 5451c5
2026-06-08 09:28:16 | activity-run2 | entry 19/100 | 8e92fb
2026-06-08 09:28:16 | activity-run2 | entry 20/100 | 28f3d6
2026-06-08 09:28:17 | activity-run2 | entry 21/100 | 804791
2026-06-08 09:28:17 | activity-run2 | entry 22/100 | 05152d
2026-06-08 09:28:17 | activity-run2 | entry 23/100 | df2a1a
2026-06-08 09:28:17 | activity-run2 | entry 24/100 | b97aeb
2026-06-08 09:28:17 | activity-run2 | entry 25/100 | 406486
2026-06-08 09:28:18 | activity-run2 | entry 26/100 | 8b744e
2026-06-08 09:28:18 | activity-run2 | entry 27/100 | 6cb466
2026-06-08 09:28:18 | activity-run2 | entry 28/100 | 4b892a
2026-06-08 09:28:18 | activity-run2 | entry 29/100 | cb896e
2026-06-08 09:28:18 | activity-run2 | entry 30/100 | 2b8142
2026-06-08 09:28:18 | activity-run2 | entry 31/100 | 7ffa53
2026-06-08 09:28:19 | activity-run2 | entry 32/100 | cad4d3
2026-06-08 09:28:19 | activity-run2 | entry 33/100 | 1abd6c
2026-06-08 09:28:19 | activity-run2 | entry 34/100 | f75350
2026-06-08 09:28:19 | activity-run2 | entry 35/100 | 188e71
2026-06-08 09:28:19 | activity-run2 | entry 36/100 | bc7ffc
2026-06-08 09:28:19 | activity-run2 | entry 37/100 | a68c5d
2026-06-08 09:28:20 | activity-run2 | entry 38/100 | a2c4d5
2026-06-08 09:28:20 | activity-run2 | entry 39/100 | 290541
2026-06-08 09:28:20 | activity-run2 | entry 40/100 | b9ce97
2026-06-08 09:28:20 | activity-run2 | entry 41/100 | 47f610
2026-06-08 09:28:20 | activity-run2 | entry 42/100 | 169710
2026-06-08 09:28:21 | activity-run2 | entry 43/100 | 8a1148
2026-06-08 09:28:21 | activity-run2 | entry 44/100 | 498c74
2026-06-08 09:28:21 | activity-run2 | entry 45/100 | 517428
2026-06-08 09:28:21 | activity-run2 | entry 46/100 | b28f95
2026-06-08 09:28:21 | activity-run2 | entry 47/100 | 6c3920
2026-06-08 09:28:21 | activity-run2 | entry 48/100 | 06cb95
2026-06-08 09:28:22 | activity-run2 | entry 49/100 | d2dbf1
2026-06-08 09:28:22 | activity-run2 | entry 50/100 | 810f32
2026-06-08 09:28:22 | activity-run2 | entry 51/100 | 8e24a8
2026-06-08 09:28:22 | activity-run2 | entry 52/100 | 312ce8
2026-06-08 09:28:22 | activity-run2 | entry 53/100 | addb69
2026-06-08 09:28:22 | activity-run2 | entry 54/100 | 9695d4
2026-06-08 09:28:23 | activity-run2 | entry 55/100 | b316f8
2026-06-08 09:28:23 | activity-run2 | entry 56/100 | df2145
2026-06-08 09:28:23 | activity-run2 | entry 57/100 | a66047
2026-06-08 09:28:23 | activity-run2 | entry 58/100 | 2fbcca
2026-06-08 09:28:23 | activity-run2 | entry 59/100 | 50ae5e
2026-06-08 09:28:23 | activity-run2 | entry 60/100 | 98d09b
2026-06-08 09:28:24 | activity-run2 | entry 61/100 | 3f167b
2026-06-08 09:28:24 | activity-run2 | entry 62/100 | 584803
2026-06-08 09:28:24 | activity-run2 | entry 63/100 | 852ed5
2026-06-08 09:28:24 | activity-run2 | entry 64/100 | 253299
2026-06-08 09:28:24 | activity-run2 | entry 65/100 | fc04c0
2026-06-08 09:28:25 | activity-run2 | entry 66/100 | faf949
2026-06-08 09:28:25 | activity-run2 | entry 67/100 | 4e1182
2026-06-08 09:28:25 | activity-run2 | entry 68/100 | 684a56
2026-06-08 09:28:25 | activity-run2 | entry 69/100 | 61845f
2026-06-08 09:28:25 | activity-run2 | entry 70/100 | bcf492
2026-06-08 09:28:25 | activity-run2 | entry 71/100 | 1c516c
2026-06-08 09:28:26 | activity-run2 | entry 72/100 | 24dc7a
2026-06-08 09:28:26 | activity-run2 | entry 73/100 | f29d1a
2026-06-08 09:28:26 | activity-run2 | entry 74/100 | 4ad7dc
2026-06-08 09:28:26 | activity-run2 | entry 75/100 | fe6b91
2026-06-08 09:28:26 | activity-run2 | entry 76/100 | 8aba64
2026-06-08 09:28:26 | activity-run2 | entry 77/100 | 966484
2026-06-08 09:28:27 | activity-run2 | entry 78/100 | 6bf4db
2026-06-08 09:28:27 | activity-run2 | entry 79/100 | 27ae86
2026-06-08 09:28:27 | activity-run2 | entry 80/100 | 658be8
2026-06-08 09:28:27 | activity-run2 | entry 81/100 | 89de9a
2026-06-08 09:28:27 | activity-run2 | entry 82/100 | 3532e1
2026-06-08 09:28:28 | activity-run2 | entry 83/100 | d07fff
2026-06-08 09:28:28 | activity-run2 | entry 84/100 | b6eac1
2026-06-08 09:28:28 | activity-run2 | entry 85/100 | d4b742
2026-06-08 09:28:28 | activity-run2 | entry 86/100 | 0961c0
2026-06-08 09:28:28 | activity-run2 | entry 87/100 | d839ea
2026-06-08 09:28:28 | activity-run2 | entry 88/100 | 11ff53
2026-06-08 09:28:29 | activity-run2 | entry 89/100 | 292c94
2026-06-08 09:28:29 | activity-run2 | entry 90/100 | d4a7c5
2026-06-08 09:28:29 | activity-run2 | entry 91/100 | 531582
2026-06-08 09:28:29 | activity-run2 | entry 92/100 | 22a0e0
2026-06-08 09:28:29 | activity-run2 | entry 93/100 | dd58f6
2026-06-08 09:28:29 | activity-run2 | entry 94/100 | bc9306
2026-06-08 09:28:30 | activity-run2 | entry 95/100 | 83a576
2026-06-08 09:28:30 | activity-run2 | entry 96/100 | bc7c22
2026-06-08 09:28:30 | activity-run2 | entry 97/100 | 9f8d4c
2026-06-08 09:28:30 | activity-run2 | entry 98/100 | 487ede
2026-06-08 09:28:30 | activity-run2 | entry 99/100 | 616633
2026-06-08 09:28:31 | activity-run2 | entry 100/100 | f83ba7
2026-06-08 09:28:34 | feature/activity-20260608-092812-1 | feature change
2026-06-08 09:28:44 | feature/activity-20260608-092812-2 | feature change
2026-06-08 09:28:54 | feature/activity-20260608-092812-3 | feature change
2026-06-08 09:29:04 | feature/activity-20260608-092812-4 | feature change
2026-06-08 09:29:13 | feature/activity-20260608-092812-5 | feature change
2026-06-08 09:29:24 | feature/activity-20260608-092812-6 | feature change
2026-06-08 09:29:34 | feature/activity-20260608-092812-7 | feature change
2026-06-08 09:29:44 | feature/activity-20260608-092812-8 | feature change
2026-06-08 09:29:54 | feature/activity-20260608-092812-9 | feature change
2026-06-08 09:30:06 | feature/activity-20260608-092812-10 | feature change
2026-06-08 09:30:16 | feature/activity-20260608-092812-11 | feature change
2026-06-08 09:30:26 | feature/activity-20260608-092812-12 | feature change
2026-06-08 09:30:36 | feature/activity-20260608-092812-13 | feature change
2026-06-08 09:30:47 | feature/activity-20260608-092812-14 | feature change
2026-06-08 09:30:57 | feature/activity-20260608-092812-15 | feature change
2026-06-08 09:31:07 | feature/activity-20260608-092812-16 | feature change
2026-06-08 09:31:17 | feature/activity-20260608-092812-17 | feature change
2026-06-08 09:31:28 | feature/activity-20260608-092812-18 | feature change
2026-06-08 09:31:38 | feature/activity-20260608-092812-19 | feature change
2026-06-08 09:31:48 | feature/activity-20260608-092812-20 | feature change
2026-06-08 09:31:58 | feature/activity-20260608-092812-21 | feature change
2026-06-08 09:32:08 | feature/activity-20260608-092812-22 | feature change
2026-06-08 09:32:18 | feature/activity-20260608-092812-23 | feature change
2026-06-08 09:32:28 | feature/activity-20260608-092812-24 | feature change
2026-06-08 09:32:38 | feature/activity-20260608-092812-25 | feature change
2026-06-09 08:54:58 | activity-run2 | entry 1/100 | 8abe7f
2026-06-09 08:54:59 | activity-run2 | entry 2/100 | 0d2ff0
2026-06-09 08:54:59 | activity-run2 | entry 3/100 | 46219a
2026-06-09 08:54:59 | activity-run2 | entry 4/100 | c8c143
2026-06-09 08:55:00 | activity-run2 | entry 5/100 | ed2268
2026-06-09 08:55:00 | activity-run2 | entry 6/100 | cd3f1d
2026-06-09 08:55:00 | activity-run2 | entry 7/100 | 8eb0c3
2026-06-09 08:55:00 | activity-run2 | entry 8/100 | 7f845a
2026-06-09 08:55:00 | activity-run2 | entry 9/100 | 8d59e7
2026-06-09 08:55:01 | activity-run2 | entry 10/100 | 24fffe
2026-06-09 08:55:01 | activity-run2 | entry 11/100 | c22a9c
2026-06-09 08:55:01 | activity-run2 | entry 12/100 | 4dea06
2026-06-09 08:55:01 | activity-run2 | entry 13/100 | 7158b0
2026-06-09 08:55:02 | activity-run2 | entry 14/100 | 6e5c78
2026-06-09 08:55:02 | activity-run2 | entry 15/100 | b48df8
2026-06-09 08:55:02 | activity-run2 | entry 16/100 | 3d8bef
2026-06-09 08:55:03 | activity-run2 | entry 17/100 | c816d8
2026-06-09 08:55:03 | activity-run2 | entry 18/100 | 6c8c1e
2026-06-09 08:55:03 | activity-run2 | entry 19/100 | e3a3b4
2026-06-09 08:55:03 | activity-run2 | entry 20/100 | af9ba4
2026-06-09 08:55:04 | activity-run2 | entry 21/100 | 5b006f
2026-06-09 08:55:04 | activity-run2 | entry 22/100 | f6e3dc
2026-06-09 08:55:05 | activity-run2 | entry 23/100 | c26a95
2026-06-09 08:55:05 | activity-run2 | entry 24/100 | 0cb41c
2026-06-09 08:55:05 | activity-run2 | entry 25/100 | 5e04b1
2026-06-09 08:55:05 | activity-run2 | entry 26/100 | a37d75
2026-06-09 08:55:06 | activity-run2 | entry 27/100 | c58807
2026-06-09 08:55:06 | activity-run2 | entry 28/100 | cc49be
2026-06-09 08:55:06 | activity-run2 | entry 29/100 | 8d57cb
2026-06-09 08:55:07 | activity-run2 | entry 30/100 | d139d4
2026-06-09 08:55:07 | activity-run2 | entry 31/100 | d8a59d
2026-06-09 08:55:07 | activity-run2 | entry 32/100 | fc130a
2026-06-09 08:55:07 | activity-run2 | entry 33/100 | ff2fcd
2026-06-09 08:55:08 | activity-run2 | entry 34/100 | 3cf746
2026-06-09 08:55:08 | activity-run2 | entry 35/100 | f5dedc
2026-06-09 08:55:08 | activity-run2 | entry 36/100 | 1db7cc
2026-06-09 08:55:08 | activity-run2 | entry 37/100 | 1a2078
2026-06-09 08:55:09 | activity-run2 | entry 38/100 | 8a805b
2026-06-09 08:55:09 | activity-run2 | entry 39/100 | 1f9756
2026-06-09 08:55:09 | activity-run2 | entry 40/100 | d76b6a
2026-06-09 08:55:09 | activity-run2 | entry 41/100 | a713d5
2026-06-09 08:55:09 | activity-run2 | entry 42/100 | c1fea9
2026-06-09 08:55:10 | activity-run2 | entry 43/100 | ca923a
2026-06-09 08:55:10 | activity-run2 | entry 44/100 | 22c6c3
2026-06-09 08:55:10 | activity-run2 | entry 45/100 | abfab6
2026-06-09 08:55:10 | activity-run2 | entry 46/100 | e5e559
2026-06-09 08:55:11 | activity-run2 | entry 47/100 | 28b41f
2026-06-09 08:55:11 | activity-run2 | entry 48/100 | 30c73b
2026-06-09 08:55:11 | activity-run2 | entry 49/100 | bdb593
2026-06-09 08:55:11 | activity-run2 | entry 50/100 | d9368b
2026-06-09 08:55:12 | activity-run2 | entry 51/100 | 43220b
2026-06-09 08:55:12 | activity-run2 | entry 52/100 | d550ee
2026-06-09 08:55:12 | activity-run2 | entry 53/100 | 982813
2026-06-09 08:55:12 | activity-run2 | entry 54/100 | cd245d
2026-06-09 08:55:12 | activity-run2 | entry 55/100 | a349fe
2026-06-09 08:55:13 | activity-run2 | entry 56/100 | 55293c
2026-06-09 08:55:13 | activity-run2 | entry 57/100 | 3b6e81
2026-06-09 08:55:13 | activity-run2 | entry 58/100 | e280df
2026-06-09 08:55:13 | activity-run2 | entry 59/100 | b91f3e
2026-06-09 08:55:13 | activity-run2 | entry 60/100 | 126d05
2026-06-09 08:55:14 | activity-run2 | entry 61/100 | 6ffc90
2026-06-09 08:55:14 | activity-run2 | entry 62/100 | 7f0890
2026-06-09 08:55:14 | activity-run2 | entry 63/100 | e2ed32
2026-06-09 08:55:14 | activity-run2 | entry 64/100 | 95d1f7
2026-06-09 08:55:15 | activity-run2 | entry 65/100 | 757e77
2026-06-09 08:55:15 | activity-run2 | entry 66/100 | 50d4b1
2026-06-09 08:55:15 | activity-run2 | entry 67/100 | 2a1610
2026-06-09 08:55:15 | activity-run2 | entry 68/100 | 1891f6
2026-06-09 08:55:15 | activity-run2 | entry 69/100 | ca8f14
2026-06-09 08:55:16 | activity-run2 | entry 70/100 | 3b28e9
2026-06-09 08:55:16 | activity-run2 | entry 71/100 | 8e107e
2026-06-09 08:55:16 | activity-run2 | entry 72/100 | 4940fc
2026-06-09 08:55:16 | activity-run2 | entry 73/100 | 87e0cd
2026-06-09 08:55:16 | activity-run2 | entry 74/100 | e111f7
2026-06-09 08:55:17 | activity-run2 | entry 75/100 | 77d1ba
2026-06-09 08:55:17 | activity-run2 | entry 76/100 | 6aabe5
2026-06-09 08:55:17 | activity-run2 | entry 77/100 | 396637
2026-06-09 08:55:17 | activity-run2 | entry 78/100 | afc45d
2026-06-09 08:55:18 | activity-run2 | entry 79/100 | 0e2072
2026-06-09 08:55:18 | activity-run2 | entry 80/100 | 1c54a4
2026-06-09 08:55:18 | activity-run2 | entry 81/100 | dfebff
2026-06-09 08:55:18 | activity-run2 | entry 82/100 | e86c38
2026-06-09 08:55:18 | activity-run2 | entry 83/100 | 6cf84c
2026-06-09 08:55:19 | activity-run2 | entry 84/100 | 8cc4a3
2026-06-09 08:55:19 | activity-run2 | entry 85/100 | 82ffba
2026-06-09 08:55:19 | activity-run2 | entry 86/100 | 39eb93
2026-06-09 08:55:19 | activity-run2 | entry 87/100 | 98a0fc
2026-06-09 08:55:20 | activity-run2 | entry 88/100 | 8081c5
2026-06-09 08:55:20 | activity-run2 | entry 89/100 | 2356a0
2026-06-09 08:55:20 | activity-run2 | entry 90/100 | 888ec3
2026-06-09 08:55:20 | activity-run2 | entry 91/100 | a800de
2026-06-09 08:55:20 | activity-run2 | entry 92/100 | fddb6a
2026-06-09 08:55:21 | activity-run2 | entry 93/100 | 4ac975
2026-06-09 08:55:21 | activity-run2 | entry 94/100 | 26d549
2026-06-09 08:55:21 | activity-run2 | entry 95/100 | 2d5289
2026-06-09 08:55:21 | activity-run2 | entry 96/100 | db47c2
2026-06-09 08:55:21 | activity-run2 | entry 97/100 | f7207b
2026-06-09 08:55:22 | activity-run2 | entry 98/100 | 4e5e3a
2026-06-09 08:55:22 | activity-run2 | entry 99/100 | b3ecc5
2026-06-09 08:55:22 | activity-run2 | entry 100/100 | 7e29dd
2026-06-09 08:55:27 | feature/activity-20260609-085458-1 | feature change
2026-06-09 08:55:39 | feature/activity-20260609-085458-2 | feature change
2026-06-09 08:55:51 | feature/activity-20260609-085458-3 | feature change
2026-06-09 08:56:03 | feature/activity-20260609-085458-4 | feature change
2026-06-09 08:56:14 | feature/activity-20260609-085458-5 | feature change
2026-06-09 08:56:25 | feature/activity-20260609-085458-6 | feature change
2026-06-09 08:56:36 | feature/activity-20260609-085458-7 | feature change
2026-06-09 08:56:47 | feature/activity-20260609-085458-8 | feature change
2026-06-09 08:57:00 | feature/activity-20260609-085458-9 | feature change
2026-06-09 08:57:11 | feature/activity-20260609-085458-10 | feature change
2026-06-09 08:57:24 | feature/activity-20260609-085458-11 | feature change
2026-06-09 08:57:35 | feature/activity-20260609-085458-12 | feature change
2026-06-09 08:57:45 | feature/activity-20260609-085458-13 | feature change
2026-06-09 08:57:57 | feature/activity-20260609-085458-14 | feature change
2026-06-09 08:58:08 | feature/activity-20260609-085458-15 | feature change
2026-06-09 08:58:19 | feature/activity-20260609-085458-16 | feature change
2026-06-09 08:58:29 | feature/activity-20260609-085458-17 | feature change
2026-06-09 08:58:41 | feature/activity-20260609-085458-18 | feature change
2026-06-09 08:58:52 | feature/activity-20260609-085458-19 | feature change
2026-06-09 08:59:04 | feature/activity-20260609-085458-20 | feature change
2026-06-09 08:59:17 | feature/activity-20260609-085458-21 | feature change
2026-06-09 08:59:31 | feature/activity-20260609-085458-22 | feature change
2026-06-09 08:59:46 | feature/activity-20260609-085458-23 | feature change
2026-06-09 09:00:02 | feature/activity-20260609-085458-24 | feature change
2026-06-09 09:00:18 | feature/activity-20260609-085458-25 | feature change
2026-06-10 08:50:37 | activity-run2 | entry 1/100 | faf02b
2026-06-10 08:50:38 | activity-run2 | entry 2/100 | 2084f2
2026-06-10 08:50:38 | activity-run2 | entry 3/100 | 3750da
2026-06-10 08:50:38 | activity-run2 | entry 4/100 | fd93dc
2026-06-10 08:50:39 | activity-run2 | entry 5/100 | 967e75
2026-06-10 08:50:39 | activity-run2 | entry 6/100 | 18c47b
2026-06-10 08:50:39 | activity-run2 | entry 7/100 | 6f5397
2026-06-10 08:50:39 | activity-run2 | entry 8/100 | a77e78
2026-06-10 08:50:39 | activity-run2 | entry 9/100 | 201c61
2026-06-10 08:50:40 | activity-run2 | entry 10/100 | ee52af
2026-06-10 08:50:40 | activity-run2 | entry 11/100 | 2be025
2026-06-10 08:50:40 | activity-run2 | entry 12/100 | 5bc558
2026-06-10 08:50:40 | activity-run2 | entry 13/100 | 79dcf4
2026-06-10 08:50:41 | activity-run2 | entry 14/100 | 5dfcf9
2026-06-10 08:50:41 | activity-run2 | entry 15/100 | f663c2
2026-06-10 08:50:41 | activity-run2 | entry 16/100 | 10bd76
2026-06-10 08:50:41 | activity-run2 | entry 17/100 | 52c0e3
2026-06-10 08:50:42 | activity-run2 | entry 18/100 | bac79f
2026-06-10 08:50:42 | activity-run2 | entry 19/100 | d962e6
2026-06-10 08:50:42 | activity-run2 | entry 20/100 | 6462c5
2026-06-10 08:50:43 | activity-run2 | entry 21/100 | 8b8756
2026-06-10 08:50:43 | activity-run2 | entry 22/100 | 12ddbe
2026-06-10 08:50:43 | activity-run2 | entry 23/100 | 261e4d
2026-06-10 08:50:43 | activity-run2 | entry 24/100 | ccbd5a
2026-06-10 08:50:44 | activity-run2 | entry 25/100 | 7eabdc
2026-06-10 08:50:44 | activity-run2 | entry 26/100 | be1f89
2026-06-10 08:50:44 | activity-run2 | entry 27/100 | 09f1b7
2026-06-10 08:50:45 | activity-run2 | entry 28/100 | df3c56
2026-06-10 08:50:45 | activity-run2 | entry 29/100 | 3a5069
2026-06-10 08:50:45 | activity-run2 | entry 30/100 | c0c114
2026-06-10 08:50:46 | activity-run2 | entry 31/100 | c39294
2026-06-10 08:50:46 | activity-run2 | entry 32/100 | 59846c
2026-06-10 08:50:46 | activity-run2 | entry 33/100 | 2b938b
2026-06-10 08:50:46 | activity-run2 | entry 34/100 | 58b41f
2026-06-10 08:50:47 | activity-run2 | entry 35/100 | e00290
2026-06-10 08:50:47 | activity-run2 | entry 36/100 | 87f693
2026-06-10 08:50:47 | activity-run2 | entry 37/100 | 5cf431
2026-06-10 08:50:48 | activity-run2 | entry 38/100 | 18dd6a
2026-06-10 08:50:48 | activity-run2 | entry 39/100 | 25ef83
2026-06-10 08:50:48 | activity-run2 | entry 40/100 | 06a870
2026-06-10 08:50:49 | activity-run2 | entry 41/100 | 0d4e62
2026-06-10 08:50:49 | activity-run2 | entry 42/100 | cbaf12
2026-06-10 08:50:49 | activity-run2 | entry 43/100 | 5960d7
2026-06-10 08:50:49 | activity-run2 | entry 44/100 | 332f95
2026-06-10 08:50:50 | activity-run2 | entry 45/100 | b38975
2026-06-10 08:50:50 | activity-run2 | entry 46/100 | 8f549e
2026-06-10 08:50:50 | activity-run2 | entry 47/100 | c24507
2026-06-10 08:50:50 | activity-run2 | entry 48/100 | e07b89
2026-06-10 08:50:51 | activity-run2 | entry 49/100 | 803ed3
2026-06-10 08:50:51 | activity-run2 | entry 50/100 | 492acd
2026-06-10 08:50:51 | activity-run2 | entry 51/100 | 2678f4
2026-06-10 08:50:51 | activity-run2 | entry 52/100 | 8e1f71
2026-06-10 08:50:52 | activity-run2 | entry 53/100 | 8285e3
2026-06-10 08:50:52 | activity-run2 | entry 54/100 | ff657a
2026-06-10 08:50:52 | activity-run2 | entry 55/100 | 5dc3bc
2026-06-10 08:50:52 | activity-run2 | entry 56/100 | 1cab50
2026-06-10 08:50:53 | activity-run2 | entry 57/100 | 45290a
2026-06-10 08:50:53 | activity-run2 | entry 58/100 | 262c31
2026-06-10 08:50:53 | activity-run2 | entry 59/100 | cca69b
2026-06-10 08:50:53 | activity-run2 | entry 60/100 | 4374db
2026-06-10 08:50:53 | activity-run2 | entry 61/100 | 75a964
2026-06-10 08:50:54 | activity-run2 | entry 62/100 | cf7a69
2026-06-10 08:50:54 | activity-run2 | entry 63/100 | fdf6c1
2026-06-10 08:50:54 | activity-run2 | entry 64/100 | c45eb8
2026-06-10 08:50:54 | activity-run2 | entry 65/100 | 1164ff
2026-06-10 08:50:55 | activity-run2 | entry 66/100 | 578df6
2026-06-10 08:50:55 | activity-run2 | entry 67/100 | 922436
2026-06-10 08:50:55 | activity-run2 | entry 68/100 | 23868b
2026-06-10 08:50:55 | activity-run2 | entry 69/100 | c4b6c2
2026-06-10 08:50:55 | activity-run2 | entry 70/100 | 0c2698
2026-06-10 08:50:56 | activity-run2 | entry 71/100 | 9f4948
2026-06-10 08:50:56 | activity-run2 | entry 72/100 | 8aa7d1
2026-06-10 08:50:56 | activity-run2 | entry 73/100 | 9dbc46
2026-06-10 08:50:56 | activity-run2 | entry 74/100 | 5d5a00
2026-06-10 08:50:57 | activity-run2 | entry 75/100 | ff5086
2026-06-10 08:50:57 | activity-run2 | entry 76/100 | 2ec128
2026-06-10 08:50:57 | activity-run2 | entry 77/100 | f9ca24
2026-06-10 08:50:58 | activity-run2 | entry 78/100 | 598837
2026-06-10 08:50:58 | activity-run2 | entry 79/100 | 34c16d
2026-06-10 08:50:58 | activity-run2 | entry 80/100 | d81c1a
2026-06-10 08:50:58 | activity-run2 | entry 81/100 | 58916a
2026-06-10 08:50:58 | activity-run2 | entry 82/100 | 27cb87
2026-06-10 08:50:59 | activity-run2 | entry 83/100 | 270572
2026-06-10 08:50:59 | activity-run2 | entry 84/100 | 0ef40f
2026-06-10 08:50:59 | activity-run2 | entry 85/100 | cf1f21
2026-06-10 08:50:59 | activity-run2 | entry 86/100 | e720a2
2026-06-10 08:51:00 | activity-run2 | entry 87/100 | f95de7
2026-06-10 08:51:00 | activity-run2 | entry 88/100 | 1f780c
2026-06-10 08:51:00 | activity-run2 | entry 89/100 | 77835f
2026-06-10 08:51:00 | activity-run2 | entry 90/100 | 4f0f23
2026-06-10 08:51:00 | activity-run2 | entry 91/100 | e1db2d
2026-06-10 08:51:01 | activity-run2 | entry 92/100 | 649a83
2026-06-10 08:51:01 | activity-run2 | entry 93/100 | 22b5c9
2026-06-10 08:51:01 | activity-run2 | entry 94/100 | 4db0db
2026-06-10 08:51:02 | activity-run2 | entry 95/100 | f9ab45
2026-06-10 08:51:02 | activity-run2 | entry 96/100 | 582119
2026-06-10 08:51:02 | activity-run2 | entry 97/100 | 8f7b18
2026-06-10 08:51:02 | activity-run2 | entry 98/100 | b02268
2026-06-10 08:51:03 | activity-run2 | entry 99/100 | d79fea
2026-06-10 08:51:03 | activity-run2 | entry 100/100 | 9b1700
2026-06-10 08:51:07 | feature/activity-20260610-085037-1 | feature change
2026-06-10 08:51:18 | feature/activity-20260610-085037-2 | feature change
2026-06-10 08:51:29 | feature/activity-20260610-085037-3 | feature change
2026-06-10 08:51:40 | feature/activity-20260610-085037-4 | feature change
2026-06-10 08:51:51 | feature/activity-20260610-085037-5 | feature change
2026-06-10 08:52:02 | feature/activity-20260610-085037-6 | feature change
2026-06-10 08:52:14 | feature/activity-20260610-085037-7 | feature change
2026-06-10 08:52:26 | feature/activity-20260610-085037-8 | feature change
2026-06-10 08:52:36 | feature/activity-20260610-085037-9 | feature change
2026-06-10 08:52:48 | feature/activity-20260610-085037-10 | feature change
2026-06-10 08:53:00 | feature/activity-20260610-085037-11 | feature change
2026-06-10 08:53:11 | feature/activity-20260610-085037-12 | feature change
2026-06-10 08:53:22 | feature/activity-20260610-085037-13 | feature change
2026-06-10 08:53:33 | feature/activity-20260610-085037-14 | feature change
2026-06-10 08:53:45 | feature/activity-20260610-085037-15 | feature change
2026-06-10 08:53:57 | feature/activity-20260610-085037-16 | feature change
2026-06-10 08:54:10 | feature/activity-20260610-085037-17 | feature change
2026-06-10 08:54:21 | feature/activity-20260610-085037-18 | feature change
2026-06-10 08:54:33 | feature/activity-20260610-085037-19 | feature change
2026-06-10 08:54:44 | feature/activity-20260610-085037-20 | feature change
2026-06-10 08:54:57 | feature/activity-20260610-085037-21 | feature change
2026-06-10 08:55:09 | feature/activity-20260610-085037-22 | feature change
2026-06-10 08:55:22 | feature/activity-20260610-085037-23 | feature change
2026-06-10 08:55:33 | feature/activity-20260610-085037-24 | feature change
2026-06-10 08:55:45 | feature/activity-20260610-085037-25 | feature change
2026-06-11 09:46:26 | activity-run2 | entry 1/100 | 692b34
2026-06-11 09:46:26 | activity-run2 | entry 2/100 | 6e3976
2026-06-11 09:46:27 | activity-run2 | entry 3/100 | 019c85
2026-06-11 09:46:27 | activity-run2 | entry 4/100 | de3ac8
2026-06-11 09:46:27 | activity-run2 | entry 5/100 | 1f41fe
2026-06-11 09:46:27 | activity-run2 | entry 6/100 | d57e1a
2026-06-11 09:46:28 | activity-run2 | entry 7/100 | d2d8e2
2026-06-11 09:46:28 | activity-run2 | entry 8/100 | 135aac
2026-06-11 09:46:28 | activity-run2 | entry 9/100 | a2970f
2026-06-11 09:46:28 | activity-run2 | entry 10/100 | 35dd8b
2026-06-11 09:46:28 | activity-run2 | entry 11/100 | b2bb6d
2026-06-11 09:46:29 | activity-run2 | entry 12/100 | 9a37f0
2026-06-11 09:46:29 | activity-run2 | entry 13/100 | 948650
2026-06-11 09:46:29 | activity-run2 | entry 14/100 | 9219df
2026-06-11 09:46:29 | activity-run2 | entry 15/100 | 32e0ba
2026-06-11 09:46:29 | activity-run2 | entry 16/100 | a24834
2026-06-11 09:46:29 | activity-run2 | entry 17/100 | 72627c
2026-06-11 09:46:30 | activity-run2 | entry 18/100 | 5364b0
2026-06-11 09:46:30 | activity-run2 | entry 19/100 | 6a59c7
2026-06-11 09:46:30 | activity-run2 | entry 20/100 | 0f8446
2026-06-11 09:46:30 | activity-run2 | entry 21/100 | 042ae6
2026-06-11 09:46:30 | activity-run2 | entry 22/100 | 9e7baa
2026-06-11 09:46:30 | activity-run2 | entry 23/100 | 16c281
2026-06-11 09:46:31 | activity-run2 | entry 24/100 | 291114
2026-06-11 09:46:31 | activity-run2 | entry 25/100 | 285dbc
2026-06-11 09:46:31 | activity-run2 | entry 26/100 | fa349f
2026-06-11 09:46:31 | activity-run2 | entry 27/100 | 7cd47e
2026-06-11 09:46:31 | activity-run2 | entry 28/100 | 4ee952
2026-06-11 09:46:32 | activity-run2 | entry 29/100 | 09639d
2026-06-11 09:46:32 | activity-run2 | entry 30/100 | 69a147
2026-06-11 09:46:32 | activity-run2 | entry 31/100 | 3d73c3
2026-06-11 09:46:32 | activity-run2 | entry 32/100 | 382eea
2026-06-11 09:46:32 | activity-run2 | entry 33/100 | a2bb80
2026-06-11 09:46:32 | activity-run2 | entry 34/100 | 2d84b0
2026-06-11 09:46:33 | activity-run2 | entry 35/100 | 5f2183
2026-06-11 09:46:33 | activity-run2 | entry 36/100 | 01d5f4
2026-06-11 09:46:33 | activity-run2 | entry 37/100 | a3f91e
2026-06-11 09:46:33 | activity-run2 | entry 38/100 | faa6f9
2026-06-11 09:46:33 | activity-run2 | entry 39/100 | f30fa7
2026-06-11 09:46:33 | activity-run2 | entry 40/100 | a5937c
2026-06-11 09:46:34 | activity-run2 | entry 41/100 | b10efe
2026-06-11 09:46:34 | activity-run2 | entry 42/100 | da9867
2026-06-11 09:46:34 | activity-run2 | entry 43/100 | 628005
2026-06-11 09:46:34 | activity-run2 | entry 44/100 | 5309f9
2026-06-11 09:46:34 | activity-run2 | entry 45/100 | 0dc525
2026-06-11 09:46:34 | activity-run2 | entry 46/100 | e6a4c9
2026-06-11 09:46:35 | activity-run2 | entry 47/100 | 7805a8
2026-06-11 09:46:35 | activity-run2 | entry 48/100 | e7921f
2026-06-11 09:46:35 | activity-run2 | entry 49/100 | dc7648
2026-06-11 09:46:35 | activity-run2 | entry 50/100 | 931df4
2026-06-11 09:46:36 | activity-run2 | entry 51/100 | c84fe8
2026-06-11 09:46:36 | activity-run2 | entry 52/100 | c2052d
2026-06-11 09:46:36 | activity-run2 | entry 53/100 | 183778
2026-06-11 09:46:36 | activity-run2 | entry 54/100 | 36ceee
2026-06-11 09:46:36 | activity-run2 | entry 55/100 | a8e6bb
2026-06-11 09:46:36 | activity-run2 | entry 56/100 | 33507d
2026-06-11 09:46:37 | activity-run2 | entry 57/100 | 0e5e4f
2026-06-11 09:46:37 | activity-run2 | entry 58/100 | 09a268
2026-06-11 09:46:37 | activity-run2 | entry 59/100 | 23e6c2
2026-06-11 09:46:37 | activity-run2 | entry 60/100 | 7561ef
2026-06-11 09:46:37 | activity-run2 | entry 61/100 | 981857
2026-06-11 09:46:38 | activity-run2 | entry 62/100 | b93543
2026-06-11 09:46:38 | activity-run2 | entry 63/100 | df9433
2026-06-11 09:46:38 | activity-run2 | entry 64/100 | afdbb6
2026-06-11 09:46:38 | activity-run2 | entry 65/100 | c1fd39
2026-06-11 09:46:39 | activity-run2 | entry 66/100 | bd8177
2026-06-11 09:46:39 | activity-run2 | entry 67/100 | a735ca
2026-06-11 09:46:39 | activity-run2 | entry 68/100 | 936e94
2026-06-11 09:46:39 | activity-run2 | entry 69/100 | a0c27f
2026-06-11 09:46:40 | activity-run2 | entry 70/100 | 817c7c
2026-06-11 09:46:40 | activity-run2 | entry 71/100 | 50b267
2026-06-11 09:46:40 | activity-run2 | entry 72/100 | aa57b4
2026-06-11 09:46:40 | activity-run2 | entry 73/100 | 29dd70
2026-06-11 09:46:41 | activity-run2 | entry 74/100 | 1d1f5b
2026-06-11 09:46:41 | activity-run2 | entry 75/100 | ae4ccb
2026-06-11 09:46:41 | activity-run2 | entry 76/100 | d9b316
2026-06-11 09:46:41 | activity-run2 | entry 77/100 | a2ccc2
2026-06-11 09:46:41 | activity-run2 | entry 78/100 | 72681b
2026-06-11 09:46:42 | activity-run2 | entry 79/100 | c0d4f8
2026-06-11 09:46:42 | activity-run2 | entry 80/100 | a92aff
2026-06-11 09:46:42 | activity-run2 | entry 81/100 | b659de
2026-06-11 09:46:42 | activity-run2 | entry 82/100 | 24f03a
2026-06-11 09:46:43 | activity-run2 | entry 83/100 | aba94f
2026-06-11 09:46:43 | activity-run2 | entry 84/100 | a7af1d
2026-06-11 09:46:43 | activity-run2 | entry 85/100 | 9ddc61
2026-06-11 09:46:43 | activity-run2 | entry 86/100 | ecf60d
2026-06-11 09:46:44 | activity-run2 | entry 87/100 | adbfc3
2026-06-11 09:46:44 | activity-run2 | entry 88/100 | 9bd5d6
2026-06-11 09:46:44 | activity-run2 | entry 89/100 | 5f1a8d
2026-06-11 09:46:44 | activity-run2 | entry 90/100 | 1d543d
2026-06-11 09:46:44 | activity-run2 | entry 91/100 | 43ebec
2026-06-11 09:46:45 | activity-run2 | entry 92/100 | d4cc58
2026-06-11 09:46:45 | activity-run2 | entry 93/100 | ae5093
2026-06-11 09:46:45 | activity-run2 | entry 94/100 | 53a45e
2026-06-11 09:46:45 | activity-run2 | entry 95/100 | 8933d7
2026-06-11 09:46:45 | activity-run2 | entry 96/100 | 91c975
2026-06-11 09:46:46 | activity-run2 | entry 97/100 | b43d0d
2026-06-11 09:46:46 | activity-run2 | entry 98/100 | 6d6675
2026-06-11 09:46:46 | activity-run2 | entry 99/100 | 506231
2026-06-11 09:46:46 | activity-run2 | entry 100/100 | b9bf37
2026-06-11 09:46:50 | feature/activity-20260611-094626-1 | feature change
2026-06-11 09:47:00 | feature/activity-20260611-094626-2 | feature change
2026-06-11 09:47:11 | feature/activity-20260611-094626-3 | feature change
2026-06-11 09:47:21 | feature/activity-20260611-094626-4 | feature change
2026-06-11 09:47:31 | feature/activity-20260611-094626-5 | feature change
2026-06-11 09:47:42 | feature/activity-20260611-094626-6 | feature change
2026-06-11 09:47:52 | feature/activity-20260611-094626-7 | feature change
2026-06-11 09:48:02 | feature/activity-20260611-094626-8 | feature change
2026-06-11 09:48:11 | feature/activity-20260611-094626-9 | feature change
2026-06-11 09:48:22 | feature/activity-20260611-094626-10 | feature change
2026-06-11 09:48:32 | feature/activity-20260611-094626-11 | feature change
2026-06-11 09:48:42 | feature/activity-20260611-094626-12 | feature change
2026-06-11 09:48:53 | feature/activity-20260611-094626-13 | feature change
2026-06-11 09:49:03 | feature/activity-20260611-094626-14 | feature change
